4.5767 	WARNING 	We strongly recommend you activate the PTB sound engine in PsychoPy prefs as the preferred audio engine. Its timing is vastly superior. Your prefs are currently set to use ['sounddevice', 'PTB', 'pyo', 'pygame'] (in that order).
9.7687 	WARNING 	User requested fullscreen with size [1024  768], but screen is actually [1680, 1050]. Using actual size
12.1063 	WARNING 	Couldn't measure a consistent frame rate!
  - Is your graphics card set to sync to vertical blank?
  - Are you running other processes on your computer?

12.1084 	EXP 	Created window1 = Window(allowGUI=True, allowStencil=False, autoLog=True, backendConf=UNKNOWN, bitsMode=UNKNOWN, blendMode='avg', bpc=(8, 8, 8), color=array([0, 0, 0]), colorSpace='rgb', depthBits=8, fullscr=<method-wrapper '__getattribute__' of attributeSetter object at 0x7f8669af2520>, gamma=None, gammaErrorPolicy='raise', lms=UNKNOWN, monitor=<psychopy.monitors.calibTools.Monitor object at 0x7f8636f64430>, multiSample=False, name='window1', numSamples=2, pos=[420.0, 262.5], screen=0, size=array([3360, 2100]), stencilBits=0, stereo=False, units='height', useFBO=True, useRetina=True, viewOri=0.0, viewPos=None, viewScale=None, waitBlanking=True, winType='pyglet')
12.1091 	EXP 	window1: mouseVisible = True
12.1106 	EXP 	window1: mouseVisible = False
12.1106 	EXP 	window1: Attempting to measure frame rate of screen (0) ...
12.1107 	EXP 	window1: recordFrameIntervals = False
12.2619 	EXP 	window1: recordFrameIntervals = True
12.6772 	WARNING 	t of last frame was 25.99ms (=1/38)
12.8772 	WARNING 	t of last frame was 25.80ms (=1/38)
13.0772 	WARNING 	t of last frame was 25.65ms (=1/38)
13.2460 	WARNING 	t of last frame was 25.95ms (=1/38)
13.6603 	WARNING 	Multiple dropped frames have occurred - I'll stop bothering you about them!
13.8882 	WARNING 	Couldn't measure a consistent frame rate!
  - Is your graphics card set to sync to vertical blank?
  - Are you running other processes on your computer?

17.1839 	EXP 	Created text = TextStim(__class__=<class 'psychopy.visual.text.TextStim'>, alignHoriz=method-wrapper(...), alignText='center', alignVert=method-wrapper(...), anchorHoriz='center', anchorVert='center', antialias=True, autoDraw=False, autoLog=True, bold=False, color=array([1, 1, 1]), colorSpace='rgb', contrast=1.0, depth=0.0, flipHoriz=False, flipVert=False, font='Open Sans', fontFiles=[], height=0.05, italic=False, languageStyle='LTR', name='text', opacity=1.0, ori=0.0, pos=array([0., 0.]), rgb=UNKNOWN, text='Welcome to the Nursing Home Experiment', units='height', win=Window(...), wrapWidth=1)
17.2060 	EXP 	Created text_3 = TextStim(__class__=<class 'psychopy.visual.text.TextStim'>, alignHoriz=method-wrapper(...), alignText='center', alignVert=method-wrapper(...), anchorHoriz='center', anchorVert='center', antialias=True, autoDraw=False, autoLog=True, bold=False, color=array([1, 1, 1]), colorSpace='rgb', contrast=1.0, depth=0.0, flipHoriz=False, flipVert=False, font='Open Sans', fontFiles=[], height=0.05, italic=False, languageStyle='LTR', name='text_3', opacity=1.0, ori=0.0, pos=array([0., 0.]), rgb=UNKNOWN, text=str(...), units='height', win=Window(...), wrapWidth=1)
17.2186 	EXP 	Created text_4 = TextStim(__class__=<class 'psychopy.visual.text.TextStim'>, alignHoriz=method-wrapper(...), alignText='center', alignVert=method-wrapper(...), anchorHoriz='center', anchorVert='center', antialias=True, autoDraw=False, autoLog=True, bold=False, color=array([1, 1, 1]), colorSpace='rgb', contrast=1.0, depth=0.0, flipHoriz=False, flipVert=False, font='Open Sans', fontFiles=[], height=0.05, italic=False, languageStyle='LTR', name='text_4', opacity=1.0, ori=0.0, pos=array([0., 0.]), rgb=UNKNOWN, text=str(...), units='height', win=Window(...), wrapWidth=1)
17.2270 	EXP 	Created salience_text = TextStim(__class__=<class 'psychopy.visual.text.TextStim'>, alignHoriz=method-wrapper(...), alignText='center', alignVert=method-wrapper(...), anchorHoriz='center', anchorVert='center', antialias=True, autoDraw=False, autoLog=True, bold=False, color=array([1, 1, 1]), colorSpace='rgb', contrast=1.0, depth=0.0, flipHoriz=False, flipVert=False, font='Open Sans', fontFiles=[], height=0.05, italic=False, languageStyle='LTR', name='salience_text', opacity=1.0, ori=0.0, pos=array([0., 0.]), rgb=UNKNOWN, text=str(...), units='height', win=Window(...), wrapWidth=1)
17.2330 	EXP 	Created image_LandmarkA = ImageStim(__class__=<class 'psychopy.visual.image.ImageStim'>, anchor=('center', 'center'), autoLog=True, color=array([1, 1, 1]), colorSpace='rgb', contrast=1.0, depth=-2.0, flipHoriz=False, flipVert=False, image='sin', interpolate=True, mask=None, maskParams=None, name='image_LandmarkA', opacity=1.0, ori=0.0, pos=array([-0.25,  0.2 ]), size=array([0.2, 0.2]), texRes=128.0, units='height', win=Window(...))
17.2377 	EXP 	Created image_LandmarkB = ImageStim(__class__=<class 'psychopy.visual.image.ImageStim'>, anchor=('center', 'center'), autoLog=True, color=array([1, 1, 1]), colorSpace='rgb', contrast=1.0, depth=-3.0, flipHoriz=False, flipVert=False, image='sin', interpolate=True, mask=None, maskParams=None, name='image_LandmarkB', opacity=1.0, ori=0.0, pos=array([0. , 0.2]), size=array([0.2, 0.2]), texRes=128.0, units='height', win=Window(...))
17.2436 	EXP 	Created image_LandmarkC = ImageStim(__class__=<class 'psychopy.visual.image.ImageStim'>, anchor=('center', 'center'), autoLog=True, color=array([1, 1, 1]), colorSpace='rgb', contrast=1.0, depth=-4.0, flipHoriz=False, flipVert=False, image='sin', interpolate=True, mask=None, maskParams=None, name='image_LandmarkC', opacity=1.0, ori=0.0, pos=array([0.25, 0.2 ]), size=array([0.2, 0.2]), texRes=128.0, units='height', win=Window(...))
17.2478 	EXP 	Created visualcomplexity_text = TextStim(__class__=<class 'psychopy.visual.text.TextStim'>, alignHoriz=method-wrapper(...), alignText='center', alignVert=method-wrapper(...), anchorHoriz='center', anchorVert='center', antialias=True, autoDraw=False, autoLog=True, bold=False, color=array([1, 1, 1]), colorSpace='rgb', contrast=1.0, depth=0.0, flipHoriz=False, flipVert=False, font='Open Sans', fontFiles=[], height=0.05, italic=False, languageStyle='LTR', name='visualcomplexity_text', opacity=1.0, ori=0.0, pos=array([0., 0.]), rgb=UNKNOWN, text=str(...), units='height', win=Window(...), wrapWidth=1)
17.2509 	EXP 	Created landmarkName_text = TextStim(__class__=<class 'psychopy.visual.text.TextStim'>, alignHoriz=method-wrapper(...), alignText='center', alignVert=method-wrapper(...), anchorHoriz='center', anchorVert='center', antialias=True, autoDraw=False, autoLog=True, bold=False, color=array([1, 1, 1]), colorSpace='rgb', contrast=1.0, depth=0.0, flipHoriz=False, flipVert=False, font='Open Sans', fontFiles=[], height=0.05, italic=False, languageStyle='LTR', name='landmarkName_text', opacity=1.0, ori=0.0, pos=array([0., 0.]), rgb=UNKNOWN, text='What would you name this object?\n', units='height', win=Window(...), wrapWidth=1)
17.2645 	EXP 	Created endButton = TextStim(__class__=<class 'psychopy.visual.text.TextStim'>, alignHoriz=method-wrapper(...), alignText='center', alignVert=method-wrapper(...), anchorHoriz='center', anchorVert='center', antialias=True, autoDraw=False, autoLog=True, bold=False, color=array([1, 1, 1]), colorSpace='rgb', contrast=1.0, depth=-2.0, flipHoriz=False, flipVert=False, font='Open Sans', fontFiles=[], height=0.05, italic=False, languageStyle='LTR', name='endButton', opacity=1.0, ori=0.0, pos=array([ 0. , -0.3]), rgb=UNKNOWN, text='continue', units='height', win=Window(...), wrapWidth=1)
17.2648 	EXP 	window1: mouseVisible = True
17.2691 	EXP 	Created text_2 = TextStim(__class__=<class 'psychopy.visual.text.TextStim'>, alignHoriz=method-wrapper(...), alignText='center', alignVert=method-wrapper(...), anchorHoriz='center', anchorVert='center', antialias=True, autoDraw=False, autoLog=True, bold=False, color=array([1, 1, 1]), colorSpace='rgb', contrast=1.0, depth=0.0, flipHoriz=False, flipVert=False, font='Open Sans', fontFiles=[], height=0.05, italic=False, languageStyle='LTR', name='text_2', opacity=1.0, ori=0.0, pos=array([0., 0.]), rgb=UNKNOWN, text=str(...), units='height', win=Window(...), wrapWidth=1)
17.2936 	EXP 	feedbackText: autoLog = True
17.2936 	EXP 	text: autoDraw = True
21.7671 	DATA 	Keypress: space
22.2904 	EXP 	text: autoDraw = False
22.2904 	EXP 	text_3: autoDraw = True
23.6284 	DATA 	Keypress: space
23.6413 	EXP 	text_3: autoDraw = False
23.6413 	EXP 	text_4: autoDraw = True
24.0956 	EXP 	Imported landmark_stims.xlsx as conditions, 4 conditions, 3 params
24.0962 	EXP 	Created sequence: random, trialTypes=4, nReps=1, seed=None
24.0965 	EXP 	New trial (rep=0, index=0): {'landmark_imagesA': 'images/Landmark3.png', 'landmark_imagesB': 'images/Landmark7.png', 'landmark_imagesC': 'images/Landmark11.png'}
24.1521 	DATA 	Keypress: space
24.1708 	EXP 	text_4: autoDraw = False
24.1708 	EXP 	image_LandmarkA: image = 'images/Landmark3.png'
24.1708 	EXP 	image_LandmarkB: image = 'images/Landmark7.png'
24.1708 	EXP 	image_LandmarkC: image = 'images/Landmark11.png'
24.1708 	EXP 	salience_text: autoDraw = True
24.1708 	EXP 	image_LandmarkA: autoDraw = True
24.1708 	EXP 	image_LandmarkB: autoDraw = True
24.1708 	EXP 	image_LandmarkC: autoDraw = True
34.9239 	DATA 	Keypress: 2
34.9363 	EXP 	salience_text: autoDraw = False
34.9363 	EXP 	image_LandmarkA: autoDraw = False
34.9363 	EXP 	image_LandmarkB: autoDraw = False
34.9363 	EXP 	image_LandmarkC: autoDraw = False
34.9363 	EXP 	visualcomplexity_text: autoDraw = True
35.4646 	DATA 	Keypress: 2
35.4977 	EXP 	visualcomplexity_text: autoDraw = False
35.4977 	EXP 	landmarkName_text: autoDraw = True
35.4977 	EXP 	feedbackText: autoDraw = True
35.4977 	EXP 	endButton: autoDraw = True
37.3632 	DATA 	Keypress: b
37.4555 	DATA 	Keypress: a
37.6578 	DATA 	Keypress: s
37.7994 	DATA 	Keypress: k
37.9765 	DATA 	Keypress: e
38.1538 	DATA 	Keypress: t
39.4353 	DATA 	Mouse: Left button down, pos=(834,190)
39.4422 	EXP 	New trial (rep=0, index=1): {'landmark_imagesA': 'images/Landmark2.png', 'landmark_imagesB': 'images/Landmark6.png', 'landmark_imagesC': 'images/Landmark10.png'}
39.4869 	EXP 	landmarkName_text: autoDraw = False
39.4869 	EXP 	feedbackText: autoDraw = False
39.4869 	EXP 	endButton: autoDraw = False
39.4869 	EXP 	image_LandmarkA: image = 'images/Landmark2.png'
39.4869 	EXP 	image_LandmarkB: image = 'images/Landmark6.png'
39.4869 	EXP 	image_LandmarkC: image = 'images/Landmark10.png'
39.4869 	EXP 	salience_text: autoDraw = True
39.4869 	EXP 	image_LandmarkA: autoDraw = True
39.4869 	EXP 	image_LandmarkB: autoDraw = True
39.4869 	EXP 	image_LandmarkC: autoDraw = True
39.5622 	DATA 	Mouse:  Left button up, pos=(834,190)
43.4485 	DATA 	Keypress: escape
44.3021 	EXP 	window1: mouseVisible = True
