4.5850 	WARNING 	We strongly recommend you activate the PTB sound engine in PsychoPy prefs as the preferred audio engine. Its timing is vastly superior. Your prefs are currently set to use ['sounddevice', 'PTB', 'pyo', 'pygame'] (in that order).
10.5954 	WARNING 	User requested fullscreen with size [1024  768], but screen is actually [1680, 1050]. Using actual size
12.9283 	WARNING 	Couldn't measure a consistent frame rate!
  - Is your graphics card set to sync to vertical blank?
  - Are you running other processes on your computer?

12.9311 	EXP 	Created window1 = Window(allowGUI=True, allowStencil=False, autoLog=True, backendConf=UNKNOWN, bitsMode=UNKNOWN, blendMode='avg', bpc=(8, 8, 8), color=array([0, 0, 0]), colorSpace='rgb', depthBits=8, fullscr=<method-wrapper '__getattribute__' of attributeSetter object at 0x7ff70733cdf0>, gamma=None, gammaErrorPolicy='raise', lms=UNKNOWN, monitor=<psychopy.monitors.calibTools.Monitor object at 0x7ff6d4a3b6d0>, multiSample=False, name='window1', numSamples=2, pos=[420.0, 262.5], screen=0, size=array([3360, 2100]), stencilBits=0, stereo=False, units='height', useFBO=True, useRetina=True, viewOri=0.0, viewPos=None, viewScale=None, waitBlanking=True, winType='pyglet')
12.9316 	EXP 	window1: mouseVisible = True
12.9330 	EXP 	window1: mouseVisible = False
12.9331 	EXP 	window1: Attempting to measure frame rate of screen (0) ...
12.9331 	EXP 	window1: recordFrameIntervals = False
13.0765 	EXP 	window1: recordFrameIntervals = True
13.1316 	WARNING 	t of last frame was 23.68ms (=1/42)
13.3816 	WARNING 	t of last frame was 25.54ms (=1/39)
13.9149 	WARNING 	t of last frame was 23.58ms (=1/42)
14.0316 	WARNING 	t of last frame was 23.93ms (=1/41)
14.1650 	WARNING 	Multiple dropped frames have occurred - I'll stop bothering you about them!
14.6603 	WARNING 	Couldn't measure a consistent frame rate!
  - Is your graphics card set to sync to vertical blank?
  - Are you running other processes on your computer?

18.6271 	EXP 	Created text = TextStim(__class__=<class 'psychopy.visual.text.TextStim'>, alignHoriz=method-wrapper(...), alignText='center', alignVert=method-wrapper(...), anchorHoriz='center', anchorVert='center', antialias=True, autoDraw=False, autoLog=True, bold=False, color=array([1, 1, 1]), colorSpace='rgb', contrast=1.0, depth=0.0, flipHoriz=False, flipVert=False, font='Open Sans', fontFiles=[], height=0.05, italic=False, languageStyle='LTR', name='text', opacity=1.0, ori=0.0, pos=array([0., 0.]), rgb=UNKNOWN, text='Welcome to the Nursing Home Experiment', units='height', win=Window(...), wrapWidth=1)
18.6507 	EXP 	Created text_3 = TextStim(__class__=<class 'psychopy.visual.text.TextStim'>, alignHoriz=method-wrapper(...), alignText='center', alignVert=method-wrapper(...), anchorHoriz='center', anchorVert='center', antialias=True, autoDraw=False, autoLog=True, bold=False, color=array([1, 1, 1]), colorSpace='rgb', contrast=1.0, depth=0.0, flipHoriz=False, flipVert=False, font='Open Sans', fontFiles=[], height=0.05, italic=False, languageStyle='LTR', name='text_3', opacity=1.0, ori=0.0, pos=array([0., 0.]), rgb=UNKNOWN, text=str(...), units='height', win=Window(...), wrapWidth=1)
18.6631 	EXP 	Created text_4 = TextStim(__class__=<class 'psychopy.visual.text.TextStim'>, alignHoriz=method-wrapper(...), alignText='center', alignVert=method-wrapper(...), anchorHoriz='center', anchorVert='center', antialias=True, autoDraw=False, autoLog=True, bold=False, color=array([1, 1, 1]), colorSpace='rgb', contrast=1.0, depth=0.0, flipHoriz=False, flipVert=False, font='Open Sans', fontFiles=[], height=0.05, italic=False, languageStyle='LTR', name='text_4', opacity=1.0, ori=0.0, pos=array([0., 0.]), rgb=UNKNOWN, text=str(...), units='height', win=Window(...), wrapWidth=1)
18.6687 	EXP 	Created salience_text = TextStim(__class__=<class 'psychopy.visual.text.TextStim'>, alignHoriz=method-wrapper(...), alignText='center', alignVert=method-wrapper(...), anchorHoriz='center', anchorVert='center', antialias=True, autoDraw=False, autoLog=True, bold=False, color=array([1, 1, 1]), colorSpace='rgb', contrast=1.0, depth=0.0, flipHoriz=False, flipVert=False, font='Open Sans', fontFiles=[], height=0.05, italic=False, languageStyle='LTR', name='salience_text', opacity=1.0, ori=0.0, pos=array([0., 0.]), rgb=UNKNOWN, text=str(...), units='height', win=Window(...), wrapWidth=1)
18.6743 	EXP 	Created image_Landmarks = ImageStim(__class__=<class 'psychopy.visual.image.ImageStim'>, anchor=('center', 'center'), autoLog=True, color=array([1, 1, 1]), colorSpace='rgb', contrast=1.0, depth=-2.0, flipHoriz=False, flipVert=False, image='sin', interpolate=True, mask=None, maskParams=None, name='image_Landmarks', opacity=1.0, ori=0.0, pos=array([-1.,  1.]), size=array([0.2, 0.2]), texRes=128.0, units='height', win=Window(...))
18.6783 	EXP 	Created visualcomplexity_text = TextStim(__class__=<class 'psychopy.visual.text.TextStim'>, alignHoriz=method-wrapper(...), alignText='center', alignVert=method-wrapper(...), anchorHoriz='center', anchorVert='center', antialias=True, autoDraw=False, autoLog=True, bold=False, color=array([1, 1, 1]), colorSpace='rgb', contrast=1.0, depth=0.0, flipHoriz=False, flipVert=False, font='Open Sans', fontFiles=[], height=0.05, italic=False, languageStyle='LTR', name='visualcomplexity_text', opacity=1.0, ori=0.0, pos=array([0., 0.]), rgb=UNKNOWN, text=str(...), units='height', win=Window(...), wrapWidth=1)
18.6816 	EXP 	Created landmarkName_text = TextStim(__class__=<class 'psychopy.visual.text.TextStim'>, alignHoriz=method-wrapper(...), alignText='center', alignVert=method-wrapper(...), anchorHoriz='center', anchorVert='center', antialias=True, autoDraw=False, autoLog=True, bold=False, color=array([1, 1, 1]), colorSpace='rgb', contrast=1.0, depth=0.0, flipHoriz=False, flipVert=False, font='Open Sans', fontFiles=[], height=0.05, italic=False, languageStyle='LTR', name='landmarkName_text', opacity=1.0, ori=0.0, pos=array([0., 0.]), rgb=UNKNOWN, text='What would you name this object?\n', units='height', win=Window(...), wrapWidth=1)
18.6974 	EXP 	Created endButton = TextStim(__class__=<class 'psychopy.visual.text.TextStim'>, alignHoriz=method-wrapper(...), alignText='center', alignVert=method-wrapper(...), anchorHoriz='center', anchorVert='center', antialias=True, autoDraw=False, autoLog=True, bold=False, color=array([1, 1, 1]), colorSpace='rgb', contrast=1.0, depth=-2.0, flipHoriz=False, flipVert=False, font='Open Sans', fontFiles=[], height=0.05, italic=False, languageStyle='LTR', name='endButton', opacity=1.0, ori=0.0, pos=array([ 0. , -0.3]), rgb=UNKNOWN, text='continue', units='height', win=Window(...), wrapWidth=1)
18.6977 	EXP 	window1: mouseVisible = True
18.7018 	EXP 	Created text_2 = TextStim(__class__=<class 'psychopy.visual.text.TextStim'>, alignHoriz=method-wrapper(...), alignText='center', alignVert=method-wrapper(...), anchorHoriz='center', anchorVert='center', antialias=True, autoDraw=False, autoLog=True, bold=False, color=array([1, 1, 1]), colorSpace='rgb', contrast=1.0, depth=0.0, flipHoriz=False, flipVert=False, font='Open Sans', fontFiles=[], height=0.05, italic=False, languageStyle='LTR', name='text_2', opacity=1.0, ori=0.0, pos=array([0., 0.]), rgb=UNKNOWN, text=str(...), units='height', win=Window(...), wrapWidth=1)
18.7197 	EXP 	feedbackText: autoLog = True
18.7197 	EXP 	text: autoDraw = True
19.5420 	DATA 	Keypress: space
23.7300 	EXP 	text: autoDraw = False
23.7300 	EXP 	text_3: autoDraw = True
24.9569 	DATA 	Keypress: space
24.9700 	EXP 	text_3: autoDraw = False
24.9700 	EXP 	text_4: autoDraw = True
25.3254 	DATA 	Keypress: space
25.3518 	EXP 	Imported landmark_stims.xlsx as conditions, 4 conditions, 1 params
25.3528 	EXP 	Created sequence: random, trialTypes=4, nReps=1, seed=None
25.3533 	EXP 	New trial (rep=0, index=0): {'landmark_images': 'images/Landmark2.png'}
25.4022 	EXP 	text_4: autoDraw = False
25.4022 	EXP 	image_Landmarks: image = 'images/Landmark2.png'
25.4022 	EXP 	salience_text: autoDraw = True
25.4022 	EXP 	image_Landmarks: autoDraw = True
30.0690 	DATA 	Keypress: 3
30.0815 	EXP 	salience_text: autoDraw = False
30.0815 	EXP 	image_Landmarks: autoDraw = False
30.0815 	EXP 	visualcomplexity_text: autoDraw = True
30.7519 	DATA 	Keypress: 2
30.7740 	EXP 	visualcomplexity_text: autoDraw = False
30.7740 	EXP 	landmarkName_text: autoDraw = True
30.7740 	EXP 	feedbackText: autoDraw = True
30.7740 	EXP 	endButton: autoDraw = True
31.1548 	DATA 	Keypress: 3
32.2918 	DATA 	Keypress: return
33.8184 	DATA 	Mouse: Left button down, pos=(838,214)
33.8192 	DATA 	Mouse:  Left button up, pos=(838,214)
35.3048 	DATA 	Mouse: Left button down, pos=(872,205)
35.3200 	DATA 	Mouse:  Left button up, pos=(872,205)
36.7449 	DATA 	Mouse: Left button down, pos=(832,200)
36.7487 	EXP 	New trial (rep=0, index=1): {'landmark_images': 'images/Landmark1.png'}
36.7739 	EXP 	landmarkName_text: autoDraw = False
36.7739 	EXP 	feedbackText: autoDraw = False
36.7739 	EXP 	endButton: autoDraw = False
36.7739 	EXP 	image_Landmarks: image = 'images/Landmark1.png'
36.7739 	EXP 	salience_text: autoDraw = True
36.7739 	EXP 	image_Landmarks: autoDraw = True
36.9142 	DATA 	Mouse:  Left button up, pos=(832,200)
38.7584 	DATA 	Keypress: escape
39.7321 	EXP 	window1: mouseVisible = True
