4.6655 	WARNING 	We strongly recommend you activate the PTB sound engine in PsychoPy prefs as the preferred audio engine. Its timing is vastly superior. Your prefs are currently set to use ['sounddevice', 'PTB', 'pyo', 'pygame'] (in that order).
13.5024 	WARNING 	User requested fullscreen with size [1024  768], but screen is actually [1680, 1050]. Using actual size
14.9279 	EXP 	Created window1 = Window(allowGUI=True, allowStencil=False, autoLog=True, backendConf=UNKNOWN, bitsMode=UNKNOWN, blendMode='avg', bpc=(8, 8, 8), color=array([0, 0, 0]), colorSpace='rgb', depthBits=8, fullscr=<method-wrapper '__getattribute__' of attributeSetter object at 0x7fe4ad0903d0>, gamma=None, gammaErrorPolicy='raise', lms=UNKNOWN, monitor=<psychopy.monitors.calibTools.Monitor object at 0x7fe47a945af0>, multiSample=False, name='window1', numSamples=2, pos=[420.0, 262.5], screen=0, size=array([3360, 2100]), stencilBits=0, stereo=False, units='height', useFBO=True, useRetina=True, viewOri=0.0, viewPos=None, viewScale=None, waitBlanking=True, winType='pyglet')
14.9282 	EXP 	window1: mouseVisible = True
14.9292 	EXP 	window1: mouseVisible = False
14.9293 	EXP 	window1: Attempting to measure frame rate of screen (0) ...
14.9293 	EXP 	window1: recordFrameIntervals = False
15.0906 	EXP 	window1: recordFrameIntervals = True
15.2751 	EXP 	Screen (0) actual frame rate measured at 59.87Hz
15.2752 	EXP 	window1: recordFrameIntervals = False
19.5516 	EXP 	Created text = TextStim(__class__=<class 'psychopy.visual.text.TextStim'>, alignHoriz=method-wrapper(...), alignText='center', alignVert=method-wrapper(...), anchorHoriz='center', anchorVert='center', antialias=True, autoDraw=False, autoLog=True, bold=False, color=array([1, 1, 1]), colorSpace='rgb', contrast=1.0, depth=0.0, flipHoriz=False, flipVert=False, font='Open Sans', fontFiles=[], height=0.05, italic=False, languageStyle='LTR', name='text', opacity=1.0, ori=0.0, pos=array([0., 0.]), rgb=UNKNOWN, text='Welcome to the Nursing Home Experiment', units='height', win=Window(...), wrapWidth=1)
19.5771 	EXP 	Created text_3 = TextStim(__class__=<class 'psychopy.visual.text.TextStim'>, alignHoriz=method-wrapper(...), alignText='center', alignVert=method-wrapper(...), anchorHoriz='center', anchorVert='center', antialias=True, autoDraw=False, autoLog=True, bold=False, color=array([1, 1, 1]), colorSpace='rgb', contrast=1.0, depth=0.0, flipHoriz=False, flipVert=False, font='Open Sans', fontFiles=[], height=0.05, italic=False, languageStyle='LTR', name='text_3', opacity=1.0, ori=0.0, pos=array([0., 0.]), rgb=UNKNOWN, text=str(...), units='height', win=Window(...), wrapWidth=1)
19.5903 	EXP 	Created text_4 = TextStim(__class__=<class 'psychopy.visual.text.TextStim'>, alignHoriz=method-wrapper(...), alignText='center', alignVert=method-wrapper(...), anchorHoriz='center', anchorVert='center', antialias=True, autoDraw=False, autoLog=True, bold=False, color=array([1, 1, 1]), colorSpace='rgb', contrast=1.0, depth=0.0, flipHoriz=False, flipVert=False, font='Open Sans', fontFiles=[], height=0.05, italic=False, languageStyle='LTR', name='text_4', opacity=1.0, ori=0.0, pos=array([0., 0.]), rgb=UNKNOWN, text=str(...), units='height', win=Window(...), wrapWidth=1)
19.6147 	EXP 	Created imageLandmarks = ImageStim(__class__=<class 'psychopy.visual.image.ImageStim'>, anchor=('center', 'center'), autoLog=True, color=array([1, 1, 1]), colorSpace='rgb', contrast=1.0, depth=0.0, flipHoriz=False, flipVert=False, image='sin', interpolate=True, mask=None, maskParams=None, name='imageLandmarks', opacity=1.0, ori=0.0, pos=array([0., 0.]), size=array([0.5, 0.5]), texRes=128.0, units='height', win=Window(...))
19.6159 	EXP 	Created salience_text = TextStim(__class__=<class 'psychopy.visual.text.TextStim'>, alignHoriz=method-wrapper(...), alignText='center', alignVert=method-wrapper(...), anchorHoriz='center', anchorVert='center', antialias=True, autoDraw=False, autoLog=True, bold=False, color=array([1, 1, 1]), colorSpace='rgb', contrast=1.0, depth=0.0, flipHoriz=False, flipVert=False, font='Open Sans', fontFiles=[], height=0.05, italic=False, languageStyle='LTR', name='salience_text', opacity=1.0, ori=0.0, pos=array([0., 0.]), rgb=UNKNOWN, text='', units='height', win=Window(...), wrapWidth=1)
19.6174 	EXP 	Created visualcomplexity_text = TextStim(__class__=<class 'psychopy.visual.text.TextStim'>, alignHoriz=method-wrapper(...), alignText='center', alignVert=method-wrapper(...), anchorHoriz='center', anchorVert='center', antialias=True, autoDraw=False, autoLog=True, bold=False, color=array([1, 1, 1]), colorSpace='rgb', contrast=1.0, depth=0.0, flipHoriz=False, flipVert=False, font='Open Sans', fontFiles=[], height=0.05, italic=False, languageStyle='LTR', name='visualcomplexity_text', opacity=1.0, ori=0.0, pos=array([0., 0.]), rgb=UNKNOWN, text='', units='height', win=Window(...), wrapWidth=1)
19.6183 	EXP 	Created landmarkName_text = TextStim(__class__=<class 'psychopy.visual.text.TextStim'>, alignHoriz=method-wrapper(...), alignText='center', alignVert=method-wrapper(...), anchorHoriz='center', anchorVert='center', antialias=True, autoDraw=False, autoLog=True, bold=False, color=array([1, 1, 1]), colorSpace='rgb', contrast=1.0, depth=0.0, flipHoriz=False, flipVert=False, font='Open Sans', fontFiles=[], height=0.05, italic=False, languageStyle='LTR', name='landmarkName_text', opacity=1.0, ori=0.0, pos=array([0., 0.]), rgb=UNKNOWN, text='', units='height', win=Window(...), wrapWidth=1)
19.6870 	EXP 	Created text_2 = TextStim(__class__=<class 'psychopy.visual.text.TextStim'>, alignHoriz=method-wrapper(...), alignText='center', alignVert=method-wrapper(...), anchorHoriz='center', anchorVert='center', antialias=True, autoDraw=False, autoLog=True, bold=False, color=array([1, 1, 1]), colorSpace='rgb', contrast=1.0, depth=0.0, flipHoriz=False, flipVert=False, font='Open Sans', fontFiles=[], height=0.05, italic=False, languageStyle='LTR', name='text_2', opacity=1.0, ori=0.0, pos=array([0., 0.]), rgb=UNKNOWN, text=str(...), units='height', win=Window(...), wrapWidth=1)
19.7188 	EXP 	feedbackText: autoLog = True
19.7188 	EXP 	text: autoDraw = True
24.7117 	EXP 	text: autoDraw = False
24.7117 	EXP 	text_3: autoDraw = True
25.1698 	DATA 	Keypress: space
25.1820 	EXP 	text_3: autoDraw = False
25.1820 	EXP 	text_4: autoDraw = True
25.9584 	EXP 	Imported landmark_stims.xlsx as conditions, 4 conditions, 1 params
25.9619 	EXP 	Created sequence: random, trialTypes=4, nReps=1, seed=None
25.9622 	EXP 	New trial (rep=0, index=0): {'landmark_images': 'images/Landmark4.png'}
26.0212 	DATA 	Keypress: space
26.0339 	EXP 	text_4: autoDraw = False
26.0339 	EXP 	imageLandmarks: image = 'images/Landmark4.png'
26.0339 	EXP 	imageLandmarks: autoDraw = True
30.9707 	EXP 	imageLandmarks: autoDraw = False
30.9707 	EXP 	salience_text: height = 0.05
30.9707 	EXP 	salience_text: height = 0.05
30.9707 	EXP 	salience_text: height = 0.05
30.9707 	EXP 	salience_text: text = 'On a scale of 1 to 5, how salience would you rate the object?'
30.9707 	EXP 	salience_text: autoDraw = True
33.5815 	DATA 	Keypress: 2
33.5931 	EXP 	salience_text: autoDraw = False
33.5931 	EXP 	visualcomplexity_text: height = 0.05
33.5931 	EXP 	visualcomplexity_text: height = 0.05
33.5931 	EXP 	visualcomplexity_text: height = 0.05
33.5931 	EXP 	visualcomplexity_text: text = 'On a scale of 1 to 5, how visually complex was the object?'
33.5931 	EXP 	visualcomplexity_text: autoDraw = True
34.3759 	DATA 	Keypress: 3
34.3874 	EXP 	visualcomplexity_text: autoDraw = False
34.3874 	EXP 	landmarkName_text: height = 0.05
34.3874 	EXP 	landmarkName_text: height = 0.05
34.3874 	EXP 	landmarkName_text: height = 0.05
34.3874 	EXP 	landmarkName_text: text = 'What would you name this object?\n'
34.3874 	EXP 	landmarkName_text: autoDraw = True
34.3874 	EXP 	feedbackText: autoDraw = True
35.8157 	DATA 	Keypress: backspace
36.3971 	DATA 	Keypress: backspace
36.6016 	DATA 	Keypress: backspace
36.7706 	DATA 	Keypress: backspace
38.6973 	DATA 	Keypress: backspace
38.8765 	DATA 	Keypress: backspace
39.0408 	DATA 	Keypress: backspace
39.3650 	DATA 	Keypress: backspace
39.5869 	DATA 	Keypress: backspace
42.5607 	DATA 	Keypress: w
42.6973 	DATA 	Keypress: i
42.8126 	DATA 	Keypress: c
42.9456 	DATA 	Keypress: k
43.0212 	DATA 	Keypress: e
43.1538 	DATA 	Keypress: r
43.3028 	DATA 	Keypress: space
44.3917 	DATA 	Keypress: b
44.4903 	DATA 	Keypress: a
44.7106 	DATA 	Keypress: c
44.8443 	DATA 	Keypress: k
45.3289 	DATA 	Keypress: backspace
45.4609 	DATA 	Keypress: backspace
46.0811 	DATA 	Keypress: s
46.4379 	DATA 	Keypress: k
46.5175 	DATA 	Keypress: e
46.7055 	DATA 	Keypress: t
46.9419 	DATA 	Keypress: return
47.6616 	DATA 	Keypress: return
48.1411 	DATA 	Keypress: return
49.3127 	DATA 	Keypress: backspace
49.4466 	DATA 	Keypress: backspace
53.9080 	DATA 	Mouse: Left button down, pos=(254,939)
53.9085 	DATA 	Mouse:  Left button up, pos=(254,939)
55.0633 	DATA 	Keypress: escape
56.4104 	EXP 	window1: mouseVisible = True
