4.6770 	WARNING 	We strongly recommend you activate the PTB sound engine in PsychoPy prefs as the preferred audio engine. Its timing is vastly superior. Your prefs are currently set to use ['sounddevice', 'PTB', 'pyo', 'pygame'] (in that order).
14.5699 	WARNING 	User requested fullscreen with size [1024  768], but screen is actually [1680, 1050]. Using actual size
17.3976 	WARNING 	Couldn't measure a consistent frame rate!
  - Is your graphics card set to sync to vertical blank?
  - Are you running other processes on your computer?

17.4002 	EXP 	Created window1 = Window(allowGUI=True, allowStencil=False, autoLog=True, backendConf=UNKNOWN, bitsMode=UNKNOWN, blendMode='avg', bpc=(8, 8, 8), color=array([0, 0, 0]), colorSpace='rgb', depthBits=8, fullscr=<method-wrapper '__getattribute__' of attributeSetter object at 0x7f9f06e573a0>, gamma=None, gammaErrorPolicy='raise', lms=UNKNOWN, monitor=<psychopy.monitors.calibTools.Monitor object at 0x7f9ed451bd90>, multiSample=False, name='window1', numSamples=2, pos=[420.0, 262.5], screen=0, size=array([3360, 2100]), stencilBits=0, stereo=False, units='height', useFBO=True, useRetina=True, viewOri=0.0, viewPos=None, viewScale=None, waitBlanking=True, winType='pyglet')
17.4009 	EXP 	window1: mouseVisible = True
17.4033 	EXP 	window1: mouseVisible = False
17.4033 	EXP 	window1: Attempting to measure frame rate of screen (0) ...
17.4033 	EXP 	window1: recordFrameIntervals = False
17.5647 	EXP 	window1: recordFrameIntervals = True
17.7212 	WARNING 	t of last frame was 23.85ms (=1/41)
17.8931 	EXP 	Screen (0) actual frame rate measured at 58.30Hz
17.8931 	EXP 	window1: recordFrameIntervals = True
22.4682 	EXP 	Created text = TextStim(__class__=<class 'psychopy.visual.text.TextStim'>, alignHoriz=method-wrapper(...), alignText='center', alignVert=method-wrapper(...), anchorHoriz='center', anchorVert='center', antialias=True, autoDraw=False, autoLog=True, bold=False, color=array([1, 1, 1]), colorSpace='rgb', contrast=1.0, depth=0.0, flipHoriz=False, flipVert=False, font='Open Sans', fontFiles=[], height=0.05, italic=False, languageStyle='LTR', name='text', opacity=1.0, ori=0.0, pos=array([0., 0.]), rgb=UNKNOWN, text='Welcome to the Nursing Home Experiment', units='height', win=Window(...), wrapWidth=1)
22.4958 	EXP 	Created text_3 = TextStim(__class__=<class 'psychopy.visual.text.TextStim'>, alignHoriz=method-wrapper(...), alignText='center', alignVert=method-wrapper(...), anchorHoriz='center', anchorVert='center', antialias=True, autoDraw=False, autoLog=True, bold=False, color=array([1, 1, 1]), colorSpace='rgb', contrast=1.0, depth=0.0, flipHoriz=False, flipVert=False, font='Open Sans', fontFiles=[], height=0.05, italic=False, languageStyle='LTR', name='text_3', opacity=1.0, ori=0.0, pos=array([0., 0.]), rgb=UNKNOWN, text=str(...), units='height', win=Window(...), wrapWidth=1)
22.5178 	EXP 	Created text_4 = TextStim(__class__=<class 'psychopy.visual.text.TextStim'>, alignHoriz=method-wrapper(...), alignText='center', alignVert=method-wrapper(...), anchorHoriz='center', anchorVert='center', antialias=True, autoDraw=False, autoLog=True, bold=False, color=array([1, 1, 1]), colorSpace='rgb', contrast=1.0, depth=0.0, flipHoriz=False, flipVert=False, font='Open Sans', fontFiles=[], height=0.05, italic=False, languageStyle='LTR', name='text_4', opacity=1.0, ori=0.0, pos=array([0., 0.]), rgb=UNKNOWN, text=str(...), units='height', win=Window(...), wrapWidth=1)
22.5398 	EXP 	Created imageLandmarks = ImageStim(__class__=<class 'psychopy.visual.image.ImageStim'>, anchor=('center', 'center'), autoLog=True, color=array([1, 1, 1]), colorSpace='rgb', contrast=1.0, depth=0.0, flipHoriz=False, flipVert=False, image='sin', interpolate=True, mask=None, maskParams=None, name='imageLandmarks', opacity=1.0, ori=0.0, pos=array([0., 0.]), size=array([0.5, 0.5]), texRes=128.0, units='height', win=Window(...))
22.5471 	EXP 	Created salience_text = TextStim(__class__=<class 'psychopy.visual.text.TextStim'>, alignHoriz=method-wrapper(...), alignText='center', alignVert=method-wrapper(...), anchorHoriz='center', anchorVert='center', antialias=True, autoDraw=False, autoLog=True, bold=False, color=array([1, 1, 1]), colorSpace='rgb', contrast=1.0, depth=0.0, flipHoriz=False, flipVert=False, font='Open Sans', fontFiles=[], height=0.05, italic=False, languageStyle='LTR', name='salience_text', opacity=1.0, ori=0.0, pos=array([0., 0.]), rgb=UNKNOWN, text=str(...), units='height', win=Window(...), wrapWidth=1)
22.5518 	EXP 	Created visualcomplexity_text = TextStim(__class__=<class 'psychopy.visual.text.TextStim'>, alignHoriz=method-wrapper(...), alignText='center', alignVert=method-wrapper(...), anchorHoriz='center', anchorVert='center', antialias=True, autoDraw=False, autoLog=True, bold=False, color=array([1, 1, 1]), colorSpace='rgb', contrast=1.0, depth=0.0, flipHoriz=False, flipVert=False, font='Open Sans', fontFiles=[], height=0.05, italic=False, languageStyle='LTR', name='visualcomplexity_text', opacity=1.0, ori=0.0, pos=array([0., 0.]), rgb=UNKNOWN, text=str(...), units='height', win=Window(...), wrapWidth=1)
22.5566 	EXP 	Created landmarkName_text = TextStim(__class__=<class 'psychopy.visual.text.TextStim'>, alignHoriz=method-wrapper(...), alignText='center', alignVert=method-wrapper(...), anchorHoriz='center', anchorVert='center', antialias=True, autoDraw=False, autoLog=True, bold=False, color=array([1, 1, 1]), colorSpace='rgb', contrast=1.0, depth=0.0, flipHoriz=False, flipVert=False, font='Open Sans', fontFiles=[], height=0.05, italic=False, languageStyle='LTR', name='landmarkName_text', opacity=1.0, ori=0.0, pos=array([0., 0.]), rgb=UNKNOWN, text='What would you name this object?\n', units='height', win=Window(...), wrapWidth=1)
22.5575 	EXP 	Created text_5 = TextStim(__class__=<class 'psychopy.visual.text.TextStim'>, alignHoriz=method-wrapper(...), alignText='center', alignVert=method-wrapper(...), anchorHoriz='center', anchorVert='center', antialias=True, autoDraw=False, autoLog=True, bold=False, color=array([1, 1, 1]), colorSpace='rgb', contrast=1.0, depth=-2.0, flipHoriz=False, flipVert=False, font='Open Sans', fontFiles=[], height=0.05, italic=False, languageStyle='LTR', name='text_5', opacity=1.0, ori=0.0, pos=array([ 0. , -0.1]), rgb=UNKNOWN, text='', units='height', win=Window(...), wrapWidth=1)
22.5624 	EXP 	Created text_2 = TextStim(__class__=<class 'psychopy.visual.text.TextStim'>, alignHoriz=method-wrapper(...), alignText='center', alignVert=method-wrapper(...), anchorHoriz='center', anchorVert='center', antialias=True, autoDraw=False, autoLog=True, bold=False, color=array([1, 1, 1]), colorSpace='rgb', contrast=1.0, depth=0.0, flipHoriz=False, flipVert=False, font='Open Sans', fontFiles=[], height=0.05, italic=False, languageStyle='LTR', name='text_2', opacity=1.0, ori=0.0, pos=array([0., 0.]), rgb=UNKNOWN, text=str(...), units='height', win=Window(...), wrapWidth=1)
22.5829 	WARNING 	t of last frame was 4690.27ms (=1/0)
22.5829 	EXP 	text: autoDraw = True
22.6061 	WARNING 	t of last frame was 23.19ms (=1/43)
22.6964 	WARNING 	t of last frame was 20.26ms (=1/49)
23.2129 	WARNING 	Multiple dropped frames have occurred - I'll stop bothering you about them!
27.5857 	EXP 	text: autoDraw = False
27.5857 	EXP 	text_3: autoDraw = True
29.1563 	DATA 	Keypress: 2
29.9566 	DATA 	Keypress: space
29.9689 	EXP 	text_3: autoDraw = False
29.9689 	EXP 	text_4: autoDraw = True
30.6083 	EXP 	Imported landmark_stims.xlsx as conditions, 15 conditions, 1 params
30.6126 	EXP 	Created sequence: random, trialTypes=15, nReps=1, seed=None
30.6130 	EXP 	New trial (rep=0, index=0): {'landmark_images': 'images/Landmark7.png'}
30.6530 	DATA 	Keypress: space
30.6660 	EXP 	text_4: autoDraw = False
30.6660 	EXP 	imageLandmarks: image = 'images/Landmark7.png'
30.6660 	EXP 	imageLandmarks: autoDraw = True
35.5947 	EXP 	imageLandmarks: autoDraw = False
35.5947 	EXP 	salience_text: autoDraw = True
36.7109 	DATA 	Keypress: 2
36.7231 	EXP 	salience_text: autoDraw = False
36.7231 	EXP 	visualcomplexity_text: autoDraw = True
37.1240 	DATA 	Keypress: 3
37.1358 	EXP 	visualcomplexity_text: autoDraw = False
37.1358 	EXP 	landmarkName_text: autoDraw = True
37.1358 	EXP 	text_5: autoDraw = True
37.1358 	EXP 	text_5: height = 0.05
37.1358 	EXP 	text_5: height = 0.05
37.1358 	EXP 	text_5: height = 0.05
37.1358 	EXP 	text_5: text = ''
38.4382 	DATA 	Keypress: rshift
39.1675 	EXP 	window1: mouseVisible = True
