3.8654 	WARNING 	We strongly recommend you activate the PTB sound engine in PsychoPy prefs as the preferred audio engine. Its timing is vastly superior. Your prefs are currently set to use ['sounddevice', 'PTB', 'pyo', 'pygame'] (in that order).
29.6001 	WARNING 	User requested fullscreen with size [1024  768], but screen is actually [1680, 1050]. Using actual size
33.4305 	EXP 	Created window1 = Window(allowGUI=True, allowStencil=False, autoLog=True, backendConf=UNKNOWN, bitsMode=UNKNOWN, blendMode='avg', bpc=(8, 8, 8), color=array([0, 0, 0]), colorSpace='rgb', depthBits=8, fullscr=<method-wrapper '__getattribute__' of attributeSetter object at 0x7fcdd408f3a0>, gamma=None, gammaErrorPolicy='raise', lms=UNKNOWN, monitor=<psychopy.monitors.calibTools.Monitor object at 0x7fcda1e61af0>, multiSample=False, name='window1', numSamples=2, pos=[420.0, 262.5], screen=0, size=array([3360, 2100]), stencilBits=0, stereo=False, units='height', useFBO=True, useRetina=True, viewOri=0.0, viewPos=None, viewScale=None, waitBlanking=True, winType='pyglet')
33.4308 	EXP 	window1: mouseVisible = True
33.4320 	EXP 	window1: mouseVisible = False
33.4320 	EXP 	window1: Attempting to measure frame rate of screen (0) ...
33.4320 	EXP 	window1: recordFrameIntervals = False
33.6156 	EXP 	window1: recordFrameIntervals = True
33.8573 	WARNING 	t of last frame was 21.85ms (=1/45)
34.0404 	WARNING 	t of last frame was 21.47ms (=1/46)
34.0743 	WARNING 	t of last frame was 21.44ms (=1/46)
34.1402 	WARNING 	t of last frame was 21.27ms (=1/47)
34.3074 	WARNING 	Multiple dropped frames have occurred - I'll stop bothering you about them!
34.5113 	EXP 	Screen (0) actual frame rate measured at 58.87Hz
34.5114 	EXP 	window1: recordFrameIntervals = False
39.2313 	EXP 	Created text = TextStim(__class__=<class 'psychopy.visual.text.TextStim'>, alignHoriz=method-wrapper(...), alignText='center', alignVert=method-wrapper(...), anchorHoriz='center', anchorVert='center', antialias=True, autoDraw=False, autoLog=True, bold=False, color=array([1, 1, 1]), colorSpace='rgb', contrast=1.0, depth=0.0, flipHoriz=False, flipVert=False, font='Open Sans', fontFiles=[], height=0.05, italic=False, languageStyle='LTR', name='text', opacity=1.0, ori=0.0, pos=array([0., 0.]), rgb=UNKNOWN, text='Welcome to the Nursing Home Experiment', units='height', win=Window(...), wrapWidth=1)
39.2615 	EXP 	Created text_3 = TextStim(__class__=<class 'psychopy.visual.text.TextStim'>, alignHoriz=method-wrapper(...), alignText='center', alignVert=method-wrapper(...), anchorHoriz='center', anchorVert='center', antialias=True, autoDraw=False, autoLog=True, bold=False, color=array([1, 1, 1]), colorSpace='rgb', contrast=1.0, depth=0.0, flipHoriz=False, flipVert=False, font='Open Sans', fontFiles=[], height=0.05, italic=False, languageStyle='LTR', name='text_3', opacity=1.0, ori=0.0, pos=array([0., 0.]), rgb=UNKNOWN, text=str(...), units='height', win=Window(...), wrapWidth=1)
39.2785 	EXP 	Created text_4 = TextStim(__class__=<class 'psychopy.visual.text.TextStim'>, alignHoriz=method-wrapper(...), alignText='center', alignVert=method-wrapper(...), anchorHoriz='center', anchorVert='center', antialias=True, autoDraw=False, autoLog=True, bold=False, color=array([1, 1, 1]), colorSpace='rgb', contrast=1.0, depth=0.0, flipHoriz=False, flipVert=False, font='Open Sans', fontFiles=[], height=0.05, italic=False, languageStyle='LTR', name='text_4', opacity=1.0, ori=0.0, pos=array([0., 0.]), rgb=UNKNOWN, text=str(...), units='height', win=Window(...), wrapWidth=1)
39.3011 	EXP 	Created imageLandmarks = ImageStim(__class__=<class 'psychopy.visual.image.ImageStim'>, anchor=('center', 'center'), autoLog=True, color=array([1, 1, 1]), colorSpace='rgb', contrast=1.0, depth=0.0, flipHoriz=False, flipVert=False, image='sin', interpolate=True, mask=None, maskParams=None, name='imageLandmarks', opacity=1.0, ori=0.0, pos=array([0., 0.]), size=array([0.5, 0.5]), texRes=128.0, units='height', win=Window(...))
39.3092 	EXP 	Created salience_text = TextStim(__class__=<class 'psychopy.visual.text.TextStim'>, alignHoriz=method-wrapper(...), alignText='center', alignVert=method-wrapper(...), anchorHoriz='center', anchorVert='center', antialias=True, autoDraw=False, autoLog=True, bold=False, color=array([1, 1, 1]), colorSpace='rgb', contrast=1.0, depth=0.0, flipHoriz=False, flipVert=False, font='Open Sans', fontFiles=[], height=0.05, italic=False, languageStyle='LTR', name='salience_text', opacity=1.0, ori=0.0, pos=array([0., 0.]), rgb=UNKNOWN, text=str(...), units='height', win=Window(...), wrapWidth=1)
39.3156 	EXP 	Created visualcomplexity_text = TextStim(__class__=<class 'psychopy.visual.text.TextStim'>, alignHoriz=method-wrapper(...), alignText='center', alignVert=method-wrapper(...), anchorHoriz='center', anchorVert='center', antialias=True, autoDraw=False, autoLog=True, bold=False, color=array([1, 1, 1]), colorSpace='rgb', contrast=1.0, depth=0.0, flipHoriz=False, flipVert=False, font='Open Sans', fontFiles=[], height=0.05, italic=False, languageStyle='LTR', name='visualcomplexity_text', opacity=1.0, ori=0.0, pos=array([0., 0.]), rgb=UNKNOWN, text=str(...), units='height', win=Window(...), wrapWidth=1)
39.3210 	EXP 	Created landmarkName_text = TextStim(__class__=<class 'psychopy.visual.text.TextStim'>, alignHoriz=method-wrapper(...), alignText='center', alignVert=method-wrapper(...), anchorHoriz='center', anchorVert='center', antialias=True, autoDraw=False, autoLog=True, bold=False, color=array([1, 1, 1]), colorSpace='rgb', contrast=1.0, depth=0.0, flipHoriz=False, flipVert=False, font='Open Sans', fontFiles=[], height=0.05, italic=False, languageStyle='LTR', name='landmarkName_text', opacity=1.0, ori=0.0, pos=array([0., 0.]), rgb=UNKNOWN, text='What would you name this object?\n', units='height', win=Window(...), wrapWidth=1)
39.3221 	EXP 	Created text_5 = TextStim(__class__=<class 'psychopy.visual.text.TextStim'>, alignHoriz=method-wrapper(...), alignText='center', alignVert=method-wrapper(...), anchorHoriz='center', anchorVert='center', antialias=True, autoDraw=False, autoLog=True, bold=False, color=array([1, 1, 1]), colorSpace='rgb', contrast=1.0, depth=-2.0, flipHoriz=False, flipVert=False, font='Open Sans', fontFiles=[], height=0.05, italic=False, languageStyle='LTR', name='text_5', opacity=1.0, ori=0.0, pos=array([0., 0.]), rgb=UNKNOWN, text='', units='height', win=Window(...), wrapWidth=1)
39.3279 	EXP 	Created text_2 = TextStim(__class__=<class 'psychopy.visual.text.TextStim'>, alignHoriz=method-wrapper(...), alignText='center', alignVert=method-wrapper(...), anchorHoriz='center', anchorVert='center', antialias=True, autoDraw=False, autoLog=True, bold=False, color=array([1, 1, 1]), colorSpace='rgb', contrast=1.0, depth=0.0, flipHoriz=False, flipVert=False, font='Open Sans', fontFiles=[], height=0.05, italic=False, languageStyle='LTR', name='text_2', opacity=1.0, ori=0.0, pos=array([0., 0.]), rgb=UNKNOWN, text=str(...), units='height', win=Window(...), wrapWidth=1)
39.3534 	EXP 	text: autoDraw = True
44.3550 	EXP 	text: autoDraw = False
44.3550 	EXP 	text_3: autoDraw = True
49.9902 	DATA 	Keypress: space
50.0030 	EXP 	text_3: autoDraw = False
50.0030 	EXP 	text_4: autoDraw = True
52.5348 	EXP 	Imported landmark_stims.xlsx as conditions, 15 conditions, 1 params
52.5391 	EXP 	Created sequence: random, trialTypes=15, nReps=1, seed=None
52.5400 	EXP 	New trial (rep=0, index=0): {'landmark_images': 'images/Landmark3.png'}
52.6029 	DATA 	Keypress: space
52.6171 	EXP 	text_4: autoDraw = False
52.6171 	EXP 	imageLandmarks: image = 'images/Landmark3.png'
52.6171 	EXP 	imageLandmarks: autoDraw = True
57.5363 	EXP 	imageLandmarks: autoDraw = False
57.5363 	EXP 	salience_text: autoDraw = True
58.1970 	DATA 	Keypress: 2
58.2090 	EXP 	salience_text: autoDraw = False
58.2090 	EXP 	visualcomplexity_text: autoDraw = True
58.7785 	DATA 	Keypress: 3
58.7902 	EXP 	visualcomplexity_text: autoDraw = False
58.7902 	EXP 	landmarkName_text: autoDraw = True
58.7902 	EXP 	text_5: autoDraw = True
58.7902 	EXP 	text_5: height = 0.05
58.7902 	EXP 	text_5: height = 0.05
58.7902 	EXP 	text_5: height = 0.05
58.7902 	EXP 	text_5: text = ''
60.8245 	DATA 	Keypress: rshift
60.9343 	DATA 	Keypress: r
61.0400 	DATA 	Keypress: e
61.3079 	DATA 	Keypress: d
64.6121 	DATA 	Keypress: space
66.5354 	DATA 	Keypress: c
66.7035 	DATA 	Keypress: r
66.9603 	DATA 	Keypress: a
67.1981 	DATA 	Keypress: t
67.3490 	DATA 	Keypress: e
68.2413 	DATA 	Keypress: space
69.6874 	DATA 	Keypress: space
70.2626 	DATA 	Keypress: space
71.1569 	DATA 	Keypress: space
71.3625 	DATA 	Keypress: space
71.9119 	DATA 	Keypress: backspace
72.2743 	DATA 	Keypress: backspace
72.4802 	DATA 	Keypress: backspace
72.8778 	DATA 	Keypress: backspace
73.3780 	DATA 	Keypress: backspace
73.5635 	DATA 	Keypress: backspace
75.2302 	DATA 	Keypress: return
77.7745 	DATA 	Keypress: return
78.0673 	DATA 	Keypress: return
82.2543 	DATA 	Keypress: escape
83.2814 	EXP 	window1: mouseVisible = True
