5.0566 	WARNING 	We strongly recommend you activate the PTB sound engine in PsychoPy prefs as the preferred audio engine. Its timing is vastly superior. Your prefs are currently set to use ['sounddevice', 'PTB', 'pyo', 'pygame'] (in that order).
12.0861 	WARNING 	User requested fullscreen with size [1024  768], but screen is actually [1680, 1050]. Using actual size
14.6198 	WARNING 	Couldn't measure a consistent frame rate!
  - Is your graphics card set to sync to vertical blank?
  - Are you running other processes on your computer?

14.6221 	EXP 	Created window1 = Window(allowGUI=True, allowStencil=False, autoLog=True, backendConf=UNKNOWN, bitsMode=UNKNOWN, blendMode='avg', bpc=(8, 8, 8), color=array([0, 0, 0]), colorSpace='rgb', depthBits=8, fullscr=<method-wrapper '__getattribute__' of attributeSetter object at 0x7fc925a0f700>, gamma=None, gammaErrorPolicy='raise', lms=UNKNOWN, monitor=<psychopy.monitors.calibTools.Monitor object at 0x7fc8f7d92730>, multiSample=False, name='window1', numSamples=2, pos=[420.0, 262.5], screen=0, size=array([3360, 2100]), stencilBits=0, stereo=False, units='height', useFBO=True, useRetina=True, viewOri=0.0, viewPos=None, viewScale=None, waitBlanking=True, winType='pyglet')
14.6226 	EXP 	window1: mouseVisible = True
14.6248 	EXP 	window1: mouseVisible = False
14.6249 	EXP 	window1: Attempting to measure frame rate of screen (0) ...
14.6249 	EXP 	window1: recordFrameIntervals = False
14.7901 	EXP 	window1: recordFrameIntervals = True
14.8783 	WARNING 	t of last frame was 26.34ms (=1/37)
15.0450 	WARNING 	t of last frame was 26.49ms (=1/37)
15.1950 	WARNING 	t of last frame was 24.70ms (=1/40)
15.3476 	WARNING 	t of last frame was 27.22ms (=1/36)
15.5285 	WARNING 	Multiple dropped frames have occurred - I'll stop bothering you about them!
16.4533 	WARNING 	Couldn't measure a consistent frame rate!
  - Is your graphics card set to sync to vertical blank?
  - Are you running other processes on your computer?

20.4752 	EXP 	Created text = TextStim(__class__=<class 'psychopy.visual.text.TextStim'>, alignHoriz=method-wrapper(...), alignText='center', alignVert=method-wrapper(...), anchorHoriz='center', anchorVert='center', antialias=True, autoDraw=False, autoLog=True, bold=False, color=array([1, 1, 1]), colorSpace='rgb', contrast=1.0, depth=0.0, flipHoriz=False, flipVert=False, font='Open Sans', fontFiles=[], height=0.05, italic=False, languageStyle='LTR', name='text', opacity=1.0, ori=0.0, pos=array([0., 0.]), rgb=UNKNOWN, text='Welcome to the Nursing Home Experiment', units='height', win=Window(...), wrapWidth=1)
20.5020 	EXP 	Created text_3 = TextStim(__class__=<class 'psychopy.visual.text.TextStim'>, alignHoriz=method-wrapper(...), alignText='center', alignVert=method-wrapper(...), anchorHoriz='center', anchorVert='center', antialias=True, autoDraw=False, autoLog=True, bold=False, color=array([1, 1, 1]), colorSpace='rgb', contrast=1.0, depth=0.0, flipHoriz=False, flipVert=False, font='Open Sans', fontFiles=[], height=0.05, italic=False, languageStyle='LTR', name='text_3', opacity=1.0, ori=0.0, pos=array([0., 0.]), rgb=UNKNOWN, text=str(...), units='height', win=Window(...), wrapWidth=1)
20.5090 	EXP 	Created salience_text = TextStim(__class__=<class 'psychopy.visual.text.TextStim'>, alignHoriz=method-wrapper(...), alignText='center', alignVert=method-wrapper(...), anchorHoriz='center', anchorVert='center', antialias=True, autoDraw=False, autoLog=True, bold=False, color=array([1, 1, 1]), colorSpace='rgb', contrast=1.0, depth=0.0, flipHoriz=False, flipVert=False, font='Open Sans', fontFiles=[], height=0.05, italic=False, languageStyle='LTR', name='salience_text', opacity=1.0, ori=0.0, pos=array([0., 0.]), rgb=UNKNOWN, text=str(...), units='height', win=Window(...), wrapWidth=1)
20.5146 	EXP 	Created image_LandmarkA = ImageStim(__class__=<class 'psychopy.visual.image.ImageStim'>, anchor=('center', 'center'), autoLog=True, color=array([1, 1, 1]), colorSpace='rgb', contrast=1.0, depth=-2.0, flipHoriz=False, flipVert=False, image='sin', interpolate=True, mask=None, maskParams=None, name='image_LandmarkA', opacity=1.0, ori=0.0, pos=array([-0.25,  0.2 ]), size=array([0.2, 0.2]), texRes=128.0, units='height', win=Window(...))
20.5191 	EXP 	Created image_LandmarkB = ImageStim(__class__=<class 'psychopy.visual.image.ImageStim'>, anchor=('center', 'center'), autoLog=True, color=array([1, 1, 1]), colorSpace='rgb', contrast=1.0, depth=-3.0, flipHoriz=False, flipVert=False, image='sin', interpolate=True, mask=None, maskParams=None, name='image_LandmarkB', opacity=1.0, ori=0.0, pos=array([0. , 0.2]), size=array([0.2, 0.2]), texRes=128.0, units='height', win=Window(...))
20.5241 	EXP 	Created image_LandmarkC = ImageStim(__class__=<class 'psychopy.visual.image.ImageStim'>, anchor=('center', 'center'), autoLog=True, color=array([1, 1, 1]), colorSpace='rgb', contrast=1.0, depth=-4.0, flipHoriz=False, flipVert=False, image='sin', interpolate=True, mask=None, maskParams=None, name='image_LandmarkC', opacity=1.0, ori=0.0, pos=array([0.25, 0.2 ]), size=array([0.2, 0.2]), texRes=128.0, units='height', win=Window(...))
20.5300 	EXP 	Created text_2 = TextStim(__class__=<class 'psychopy.visual.text.TextStim'>, alignHoriz=method-wrapper(...), alignText='center', alignVert=method-wrapper(...), anchorHoriz='center', anchorVert='center', antialias=True, autoDraw=False, autoLog=True, bold=False, color=array([1, 1, 1]), colorSpace='rgb', contrast=1.0, depth=0.0, flipHoriz=False, flipVert=False, font='Open Sans', fontFiles=[], height=0.05, italic=False, languageStyle='LTR', name='text_2', opacity=1.0, ori=0.0, pos=array([0., 0.]), rgb=UNKNOWN, text=str(...), units='height', win=Window(...), wrapWidth=1)
20.5511 	EXP 	text: autoDraw = True
25.5532 	EXP 	text: autoDraw = False
25.5532 	EXP 	text_3: autoDraw = True
30.2972 	EXP 	Imported landmark_stims.xlsx as conditions, 4 conditions, 3 params
30.2979 	EXP 	Created sequence: random, trialTypes=4, nReps=1, seed=None
30.2982 	EXP 	New trial (rep=0, index=0): {'landmark_imagesA': 'images/Landmark3.png', 'landmark_imagesB': 'images/Landmark7.png', 'landmark_imagesC': 'images/Landmark11.png'}
30.3573 	DATA 	Keypress: space
30.3799 	EXP 	text_3: autoDraw = False
30.3799 	EXP 	image_LandmarkA: image = 'images/Landmark3.png'
30.3799 	EXP 	image_LandmarkB: image = 'images/Landmark7.png'
30.3799 	EXP 	image_LandmarkC: image = 'images/Landmark11.png'
30.3799 	EXP 	salience_text: autoDraw = True
30.3799 	EXP 	image_LandmarkA: autoDraw = True
30.3799 	EXP 	image_LandmarkB: autoDraw = True
30.3799 	EXP 	image_LandmarkC: autoDraw = True
31.5270 	DATA 	Keypress: space
32.7945 	EXP 	New trial (rep=0, index=1): {'landmark_imagesA': 'images/Landmark2.png', 'landmark_imagesB': 'images/Landmark6.png', 'landmark_imagesC': 'images/Landmark10.png'}
32.8237 	DATA 	Keypress: 2
32.8361 	EXP 	salience_text: autoDraw = False
32.8361 	EXP 	image_LandmarkA: autoDraw = False
32.8361 	EXP 	image_LandmarkB: autoDraw = False
32.8361 	EXP 	image_LandmarkC: autoDraw = False
32.8361 	EXP 	image_LandmarkA: image = 'images/Landmark2.png'
32.8361 	EXP 	image_LandmarkB: image = 'images/Landmark6.png'
32.8361 	EXP 	image_LandmarkC: image = 'images/Landmark10.png'
32.8361 	EXP 	salience_text: autoDraw = True
32.8361 	EXP 	image_LandmarkA: autoDraw = True
32.8361 	EXP 	image_LandmarkB: autoDraw = True
32.8361 	EXP 	image_LandmarkC: autoDraw = True
33.3025 	EXP 	New trial (rep=0, index=2): {'landmark_imagesA': 'images/Landmark1.png', 'landmark_imagesB': 'images/Landmark5.png', 'landmark_imagesC': 'images/Landmark9.png'}
33.3344 	DATA 	Keypress: 3
33.3478 	EXP 	salience_text: autoDraw = False
33.3478 	EXP 	image_LandmarkA: autoDraw = False
33.3478 	EXP 	image_LandmarkB: autoDraw = False
33.3478 	EXP 	image_LandmarkC: autoDraw = False
33.3478 	EXP 	image_LandmarkA: image = 'images/Landmark1.png'
33.3478 	EXP 	image_LandmarkB: image = 'images/Landmark5.png'
33.3478 	EXP 	image_LandmarkC: image = 'images/Landmark9.png'
33.3478 	EXP 	salience_text: autoDraw = True
33.3478 	EXP 	image_LandmarkA: autoDraw = True
33.3478 	EXP 	image_LandmarkB: autoDraw = True
33.3478 	EXP 	image_LandmarkC: autoDraw = True
33.7530 	EXP 	New trial (rep=0, index=3): {'landmark_imagesA': 'images/Landmark4.png', 'landmark_imagesB': 'images/Landmark8.png', 'landmark_imagesC': 'images/Landmark12.png'}
33.7819 	DATA 	Keypress: 3
33.7954 	EXP 	salience_text: autoDraw = False
33.7954 	EXP 	image_LandmarkA: autoDraw = False
33.7954 	EXP 	image_LandmarkB: autoDraw = False
33.7954 	EXP 	image_LandmarkC: autoDraw = False
33.7954 	EXP 	image_LandmarkA: image = 'images/Landmark4.png'
33.7954 	EXP 	image_LandmarkB: image = 'images/Landmark8.png'
33.7954 	EXP 	image_LandmarkC: image = 'images/Landmark12.png'
33.7954 	EXP 	salience_text: autoDraw = True
33.7954 	EXP 	image_LandmarkA: autoDraw = True
33.7954 	EXP 	image_LandmarkB: autoDraw = True
33.7954 	EXP 	image_LandmarkC: autoDraw = True
34.3401 	DATA 	Keypress: 4
34.3521 	EXP 	salience_text: autoDraw = False
34.3521 	EXP 	image_LandmarkA: autoDraw = False
34.3521 	EXP 	image_LandmarkB: autoDraw = False
34.3521 	EXP 	image_LandmarkC: autoDraw = False
34.3521 	EXP 	text_2: autoDraw = True
39.3606 	EXP 	text_2: autoDraw = False
39.9042 	EXP 	window1: mouseVisible = True
