6.0129 	WARNING 	We strongly recommend you activate the PTB sound engine in PsychoPy prefs as the preferred audio engine. Its timing is vastly superior. Your prefs are currently set to use ['sounddevice', 'PTB', 'pyo', 'pygame'] (in that order).
15.5588 	WARNING 	User requested fullscreen with size [1024  768], but screen is actually [1680, 1050]. Using actual size
17.5723 	EXP 	Created window1 = Window(allowGUI=True, allowStencil=False, autoLog=True, backendConf=UNKNOWN, bitsMode=UNKNOWN, blendMode='avg', bpc=(8, 8, 8), color=array([0, 0, 0]), colorSpace='rgb', depthBits=8, fullscr=<method-wrapper '__getattribute__' of attributeSetter object at 0x7fd56b053250>, gamma=None, gammaErrorPolicy='raise', lms=UNKNOWN, monitor=<psychopy.monitors.calibTools.Monitor object at 0x7fd538e289d0>, multiSample=False, name='window1', numSamples=2, pos=[420.0, 262.5], screen=0, size=array([3360, 2100]), stencilBits=0, stereo=False, units='height', useFBO=True, useRetina=True, viewOri=0.0, viewPos=None, viewScale=None, waitBlanking=True, winType='pyglet')
17.5725 	EXP 	window1: mouseVisible = True
17.5737 	EXP 	window1: mouseVisible = False
17.5737 	EXP 	window1: Attempting to measure frame rate of screen (0) ...
17.5737 	EXP 	window1: recordFrameIntervals = False
17.7389 	EXP 	window1: recordFrameIntervals = True
17.9214 	EXP 	Screen (0) actual frame rate measured at 60.31Hz
17.9215 	EXP 	window1: recordFrameIntervals = False
22.1711 	EXP 	Created text = TextStim(__class__=<class 'psychopy.visual.text.TextStim'>, alignHoriz=method-wrapper(...), alignText='center', alignVert=method-wrapper(...), anchorHoriz='center', anchorVert='center', antialias=True, autoDraw=False, autoLog=True, bold=False, color=array([1, 1, 1]), colorSpace='rgb', contrast=1.0, depth=0.0, flipHoriz=False, flipVert=False, font='Open Sans', fontFiles=[], height=0.05, italic=False, languageStyle='LTR', name='text', opacity=1.0, ori=0.0, pos=array([0., 0.]), rgb=UNKNOWN, text='Welcome to the Nursing Home Experiment', units='height', win=Window(...), wrapWidth=1)
22.1982 	EXP 	Created text_3 = TextStim(__class__=<class 'psychopy.visual.text.TextStim'>, alignHoriz=method-wrapper(...), alignText='center', alignVert=method-wrapper(...), anchorHoriz='center', anchorVert='center', antialias=True, autoDraw=False, autoLog=True, bold=False, color=array([1, 1, 1]), colorSpace='rgb', contrast=1.0, depth=-1.0, flipHoriz=False, flipVert=False, font='Open Sans', fontFiles=[], height=0.05, italic=False, languageStyle='LTR', name='text_3', opacity=1.0, ori=0.0, pos=array([0., 0.]), rgb=UNKNOWN, text=str(...), units='height', win=Window(...), wrapWidth=1)
22.2171 	EXP 	Created text_4 = TextStim(__class__=<class 'psychopy.visual.text.TextStim'>, alignHoriz=method-wrapper(...), alignText='center', alignVert=method-wrapper(...), anchorHoriz='center', anchorVert='center', antialias=True, autoDraw=False, autoLog=True, bold=False, color=array([1, 1, 1]), colorSpace='rgb', contrast=1.0, depth=-1.0, flipHoriz=False, flipVert=False, font='Open Sans', fontFiles=[], height=0.05, italic=False, languageStyle='LTR', name='text_4', opacity=1.0, ori=0.0, pos=array([0., 0.]), rgb=UNKNOWN, text=str(...), units='height', win=Window(...), wrapWidth=1)
22.2224 	EXP 	Created imageLandmarks = ImageStim(__class__=<class 'psychopy.visual.image.ImageStim'>, anchor=('center', 'center'), autoLog=True, color=array([1, 1, 1]), colorSpace='rgb', contrast=1.0, depth=0.0, flipHoriz=False, flipVert=False, image='sin', interpolate=True, mask=None, maskParams=None, name='imageLandmarks', opacity=1.0, ori=0.0, pos=array([0., 0.]), size=array([0.5, 0.5]), texRes=128.0, units='height', win=Window(...))
22.2270 	EXP 	Created text_2 = TextStim(__class__=<class 'psychopy.visual.text.TextStim'>, alignHoriz=method-wrapper(...), alignText='center', alignVert=method-wrapper(...), anchorHoriz='center', anchorVert='center', antialias=True, autoDraw=False, autoLog=True, bold=False, color=array([1, 1, 1]), colorSpace='rgb', contrast=1.0, depth=0.0, flipHoriz=False, flipVert=False, font='Open Sans', fontFiles=[], height=0.05, italic=False, languageStyle='LTR', name='text_2', opacity=1.0, ori=0.0, pos=array([0., 0.]), rgb=UNKNOWN, text=str(...), units='height', win=Window(...), wrapWidth=1)
22.2464 	EXP 	text: autoDraw = True
27.2474 	EXP 	text: autoDraw = False
27.2474 	EXP 	text_3: autoDraw = True
41.6784 	DATA 	Keypress: space
41.6907 	EXP 	text_3: autoDraw = False
41.6907 	EXP 	text_4: autoDraw = True
53.1695 	EXP 	Imported landmark_stims.xlsx as conditions, 15 conditions, 1 params
53.1728 	EXP 	Created sequence: random, trialTypes=15, nReps=1, seed=None
53.1736 	EXP 	New trial (rep=0, index=0): {'landmark_images': 'images/Landmark11.png'}
53.2202 	DATA 	Keypress: space
53.2339 	EXP 	text_4: autoDraw = False
53.2339 	EXP 	imageLandmarks: image = 'images/Landmark11.png'
53.2339 	EXP 	imageLandmarks: autoDraw = True
58.1570 	EXP 	New trial (rep=0, index=1): {'landmark_images': 'images/Landmark3.png'}
58.1943 	EXP 	imageLandmarks: autoDraw = False
58.1943 	EXP 	imageLandmarks: image = 'images/Landmark3.png'
58.1943 	EXP 	imageLandmarks: autoDraw = True
63.1581 	EXP 	New trial (rep=0, index=2): {'landmark_images': 'images/Landmark12.png'}
63.1864 	EXP 	imageLandmarks: autoDraw = False
63.1864 	EXP 	imageLandmarks: image = 'images/Landmark12.png'
63.1864 	EXP 	imageLandmarks: autoDraw = True
68.1568 	EXP 	New trial (rep=0, index=3): {'landmark_images': 'images/Landmark2.png'}
68.1796 	EXP 	imageLandmarks: autoDraw = False
68.1796 	EXP 	imageLandmarks: image = 'images/Landmark2.png'
68.1796 	EXP 	imageLandmarks: autoDraw = True
73.1725 	EXP 	New trial (rep=0, index=4): {'landmark_images': 'images/Landmark6.png'}
73.1992 	EXP 	imageLandmarks: autoDraw = False
73.1992 	EXP 	imageLandmarks: image = 'images/Landmark6.png'
73.1992 	EXP 	imageLandmarks: autoDraw = True
78.1551 	EXP 	New trial (rep=0, index=5): {'landmark_images': 'images/Landmark10.png'}
78.1912 	EXP 	imageLandmarks: autoDraw = False
78.1912 	EXP 	imageLandmarks: image = 'images/Landmark10.png'
78.1912 	EXP 	imageLandmarks: autoDraw = True
83.1585 	EXP 	New trial (rep=0, index=6): {'landmark_images': 'images/Landmark1.png'}
83.1812 	EXP 	imageLandmarks: autoDraw = False
83.1812 	EXP 	imageLandmarks: image = 'images/Landmark1.png'
83.1812 	EXP 	imageLandmarks: autoDraw = True
88.1591 	EXP 	New trial (rep=0, index=7): {'landmark_images': 'images/Landmark14.png'}
88.2005 	EXP 	imageLandmarks: autoDraw = False
88.2005 	EXP 	imageLandmarks: image = 'images/Landmark14.png'
88.2005 	EXP 	imageLandmarks: autoDraw = True
93.1619 	EXP 	New trial (rep=0, index=8): {'landmark_images': 'images/Landmark9.png'}
93.1861 	EXP 	imageLandmarks: autoDraw = False
93.1861 	EXP 	imageLandmarks: image = 'images/Landmark9.png'
93.1861 	EXP 	imageLandmarks: autoDraw = True
98.1550 	EXP 	New trial (rep=0, index=9): {'landmark_images': 'images/Landmark8.png'}
98.2896 	EXP 	imageLandmarks: autoDraw = False
98.2896 	EXP 	imageLandmarks: image = 'images/Landmark8.png'
98.2896 	EXP 	imageLandmarks: autoDraw = True
103.1716 	EXP 	New trial (rep=0, index=10): {'landmark_images': 'images/Landmark15.png'}
103.1971 	EXP 	imageLandmarks: autoDraw = False
103.1971 	EXP 	imageLandmarks: image = 'images/Landmark15.png'
103.1971 	EXP 	imageLandmarks: autoDraw = True
108.1570 	EXP 	New trial (rep=0, index=11): {'landmark_images': 'images/Landmark4.png'}
108.1831 	EXP 	imageLandmarks: autoDraw = False
108.1831 	EXP 	imageLandmarks: image = 'images/Landmark4.png'
108.1831 	EXP 	imageLandmarks: autoDraw = True
113.1712 	EXP 	New trial (rep=0, index=12): {'landmark_images': 'images/Landmark13.png'}
113.1942 	EXP 	imageLandmarks: autoDraw = False
113.1942 	EXP 	imageLandmarks: image = 'images/Landmark13.png'
113.1942 	EXP 	imageLandmarks: autoDraw = True
118.1565 	EXP 	New trial (rep=0, index=13): {'landmark_images': 'images/Landmark7.png'}
118.1790 	EXP 	imageLandmarks: autoDraw = False
118.1790 	EXP 	imageLandmarks: image = 'images/Landmark7.png'
118.1790 	EXP 	imageLandmarks: autoDraw = True
123.1752 	EXP 	New trial (rep=0, index=14): {'landmark_images': 'images/Landmark5.png'}
123.2041 	EXP 	imageLandmarks: autoDraw = False
123.2041 	EXP 	imageLandmarks: image = 'images/Landmark5.png'
123.2041 	EXP 	imageLandmarks: autoDraw = True
128.1867 	EXP 	imageLandmarks: autoDraw = False
128.1867 	EXP 	text_2: autoDraw = True
133.1802 	EXP 	text_2: autoDraw = False
133.7702 	EXP 	window1: mouseVisible = True
