2.7476 	WARNING 	We strongly recommend you activate the PTB sound engine in PsychoPy prefs as the preferred audio engine. Its timing is vastly superior. Your prefs are currently set to use ['sounddevice', 'PTB', 'pyo', 'pygame'] (in that order).
9.2712 	WARNING 	User requested fullscreen with size [1024  768], but screen is actually [1680, 1050]. Using actual size
10.5794 	EXP 	Created window1 = Window(allowGUI=True, allowStencil=False, autoLog=True, backendConf=UNKNOWN, bitsMode=UNKNOWN, blendMode='avg', bpc=(8, 8, 8), color=array([0, 0, 0]), colorSpace='rgb', depthBits=8, fullscr=<method-wrapper '__getattribute__' of attributeSetter object at 0x7fa29c75c9d0>, gamma=None, gammaErrorPolicy='raise', lms=UNKNOWN, monitor=<psychopy.monitors.calibTools.Monitor object at 0x7fa269e2d9d0>, multiSample=False, name='window1', numSamples=2, pos=[420.0, 262.5], screen=0, size=array([3360, 2100]), stencilBits=0, stereo=False, units='height', useFBO=True, useRetina=True, viewOri=0.0, viewPos=None, viewScale=None, waitBlanking=True, winType='pyglet')
10.5797 	EXP 	window1: mouseVisible = True
10.5808 	EXP 	window1: mouseVisible = False
10.5809 	EXP 	window1: Attempting to measure frame rate of screen (0) ...
10.5809 	EXP 	window1: recordFrameIntervals = False
10.7448 	EXP 	window1: recordFrameIntervals = True
10.9294 	EXP 	Screen (0) actual frame rate measured at 59.64Hz
10.9295 	EXP 	window1: recordFrameIntervals = False
15.2890 	EXP 	Created text = TextStim(__class__=<class 'psychopy.visual.text.TextStim'>, alignHoriz=method-wrapper(...), alignText='center', alignVert=method-wrapper(...), anchorHoriz='center', anchorVert='center', antialias=True, autoDraw=False, autoLog=True, bold=False, color=array([1, 1, 1]), colorSpace='rgb', contrast=1.0, depth=0.0, flipHoriz=False, flipVert=False, font='Open Sans', fontFiles=[], height=0.05, italic=False, languageStyle='LTR', name='text', opacity=1.0, ori=0.0, pos=array([0., 0.]), rgb=UNKNOWN, text='Welcome to the Nursing Home Experiment', units='height', win=Window(...), wrapWidth=1)
15.3167 	EXP 	Created text_3 = TextStim(__class__=<class 'psychopy.visual.text.TextStim'>, alignHoriz=method-wrapper(...), alignText='center', alignVert=method-wrapper(...), anchorHoriz='center', anchorVert='center', antialias=True, autoDraw=False, autoLog=True, bold=False, color=array([1, 1, 1]), colorSpace='rgb', contrast=1.0, depth=-1.0, flipHoriz=False, flipVert=False, font='Open Sans', fontFiles=[], height=0.05, italic=False, languageStyle='LTR', name='text_3', opacity=1.0, ori=0.0, pos=array([0., 0.]), rgb=UNKNOWN, text=str(...), units='height', win=Window(...), wrapWidth=1)
15.3321 	EXP 	Created text_4 = TextStim(__class__=<class 'psychopy.visual.text.TextStim'>, alignHoriz=method-wrapper(...), alignText='center', alignVert=method-wrapper(...), anchorHoriz='center', anchorVert='center', antialias=True, autoDraw=False, autoLog=True, bold=False, color=array([1, 1, 1]), colorSpace='rgb', contrast=1.0, depth=-1.0, flipHoriz=False, flipVert=False, font='Open Sans', fontFiles=[], height=0.05, italic=False, languageStyle='LTR', name='text_4', opacity=1.0, ori=0.0, pos=array([0., 0.]), rgb=UNKNOWN, text=str(...), units='height', win=Window(...), wrapWidth=1)
15.3400 	EXP 	Created imageLandmarks = ImageStim(__class__=<class 'psychopy.visual.image.ImageStim'>, anchor=('center', 'center'), autoLog=True, color=array([1, 1, 1]), colorSpace='rgb', contrast=1.0, depth=0.0, flipHoriz=False, flipVert=False, image='sin', interpolate=True, mask=None, maskParams=None, name='imageLandmarks', opacity=1.0, ori=0.0, pos=array([0., 0.]), size=array([0.5, 0.5]), texRes=128.0, units='height', win=Window(...))
15.3462 	EXP 	Created text_2 = TextStim(__class__=<class 'psychopy.visual.text.TextStim'>, alignHoriz=method-wrapper(...), alignText='center', alignVert=method-wrapper(...), anchorHoriz='center', anchorVert='center', antialias=True, autoDraw=False, autoLog=True, bold=False, color=array([1, 1, 1]), colorSpace='rgb', contrast=1.0, depth=0.0, flipHoriz=False, flipVert=False, font='Open Sans', fontFiles=[], height=0.05, italic=False, languageStyle='LTR', name='text_2', opacity=1.0, ori=0.0, pos=array([0., 0.]), rgb=UNKNOWN, text=str(...), units='height', win=Window(...), wrapWidth=1)
15.3645 	EXP 	text: autoDraw = True
20.3642 	EXP 	text: autoDraw = False
20.3642 	EXP 	text_3: autoDraw = True
21.8180 	DATA 	Keypress: space
21.8302 	EXP 	text_3: autoDraw = False
21.8302 	EXP 	text_4: autoDraw = True
23.1623 	EXP 	Imported landmark_stims.xlsx as conditions, 15 conditions, 1 params
23.1656 	EXP 	Created sequence: random, trialTypes=15, nReps=1, seed=None
23.1664 	EXP 	New trial (rep=0, index=0): {'landmark_images': 'images/Landmark4.png'}
23.2179 	DATA 	Keypress: space
23.2314 	EXP 	text_4: autoDraw = False
23.2314 	EXP 	imageLandmarks: image = 'images/Landmark4.png'
23.2314 	EXP 	imageLandmarks: autoDraw = True
28.2084 	EXP 	New trial (rep=0, index=1): {'landmark_images': 'images/Landmark2.png'}
28.2394 	EXP 	imageLandmarks: autoDraw = False
28.2394 	EXP 	imageLandmarks: image = 'images/Landmark2.png'
28.2394 	EXP 	imageLandmarks: autoDraw = True
33.1579 	EXP 	New trial (rep=0, index=2): {'landmark_images': 'images/Landmark11.png'}
33.1835 	EXP 	imageLandmarks: autoDraw = False
33.1835 	EXP 	imageLandmarks: image = 'images/Landmark11.png'
33.1835 	EXP 	imageLandmarks: autoDraw = True
38.1594 	EXP 	New trial (rep=0, index=3): {'landmark_images': 'images/Landmark7.png'}
38.2003 	EXP 	imageLandmarks: autoDraw = False
38.2003 	EXP 	imageLandmarks: image = 'images/Landmark7.png'
38.2003 	EXP 	imageLandmarks: autoDraw = True
43.1634 	EXP 	New trial (rep=0, index=4): {'landmark_images': 'images/Landmark3.png'}
43.1863 	EXP 	imageLandmarks: autoDraw = False
43.1863 	EXP 	imageLandmarks: image = 'images/Landmark3.png'
43.1863 	EXP 	imageLandmarks: autoDraw = True
48.1527 	EXP 	New trial (rep=0, index=5): {'landmark_images': 'images/Landmark1.png'}
48.1754 	EXP 	imageLandmarks: autoDraw = False
48.1754 	EXP 	imageLandmarks: image = 'images/Landmark1.png'
48.1754 	EXP 	imageLandmarks: autoDraw = True
53.1627 	EXP 	New trial (rep=0, index=6): {'landmark_images': 'images/Landmark12.png'}
53.1867 	EXP 	imageLandmarks: autoDraw = False
53.1867 	EXP 	imageLandmarks: image = 'images/Landmark12.png'
53.1867 	EXP 	imageLandmarks: autoDraw = True
58.1584 	EXP 	New trial (rep=0, index=7): {'landmark_images': 'images/Landmark5.png'}
58.1815 	EXP 	imageLandmarks: autoDraw = False
58.1815 	EXP 	imageLandmarks: image = 'images/Landmark5.png'
58.1815 	EXP 	imageLandmarks: autoDraw = True
63.1590 	EXP 	New trial (rep=0, index=8): {'landmark_images': 'images/Landmark6.png'}
63.1854 	EXP 	imageLandmarks: autoDraw = False
63.1854 	EXP 	imageLandmarks: image = 'images/Landmark6.png'
63.1854 	EXP 	imageLandmarks: autoDraw = True
68.1577 	EXP 	New trial (rep=0, index=9): {'landmark_images': 'images/Landmark14.png'}
68.1813 	EXP 	imageLandmarks: autoDraw = False
68.1813 	EXP 	imageLandmarks: image = 'images/Landmark14.png'
68.1813 	EXP 	imageLandmarks: autoDraw = True
73.1592 	EXP 	New trial (rep=0, index=10): {'landmark_images': 'images/Landmark10.png'}
73.2484 	EXP 	imageLandmarks: autoDraw = False
73.2484 	EXP 	imageLandmarks: image = 'images/Landmark10.png'
73.2484 	EXP 	imageLandmarks: autoDraw = True
78.1637 	EXP 	New trial (rep=0, index=11): {'landmark_images': 'images/Landmark15.png'}
78.1887 	EXP 	imageLandmarks: autoDraw = False
78.1887 	EXP 	imageLandmarks: image = 'images/Landmark15.png'
78.1887 	EXP 	imageLandmarks: autoDraw = True
83.1487 	EXP 	New trial (rep=0, index=12): {'landmark_images': 'images/Landmark8.png'}
83.1807 	EXP 	imageLandmarks: autoDraw = False
83.1807 	EXP 	imageLandmarks: image = 'images/Landmark8.png'
83.1807 	EXP 	imageLandmarks: autoDraw = True
88.1631 	EXP 	New trial (rep=0, index=13): {'landmark_images': 'images/Landmark9.png'}
88.1865 	EXP 	imageLandmarks: autoDraw = False
88.1865 	EXP 	imageLandmarks: image = 'images/Landmark9.png'
88.1865 	EXP 	imageLandmarks: autoDraw = True
93.1560 	EXP 	New trial (rep=0, index=14): {'landmark_images': 'images/Landmark13.png'}
93.2056 	EXP 	imageLandmarks: autoDraw = False
93.2056 	EXP 	imageLandmarks: image = 'images/Landmark13.png'
93.2056 	EXP 	imageLandmarks: autoDraw = True
98.1788 	EXP 	imageLandmarks: autoDraw = False
98.1788 	EXP 	text_2: autoDraw = True
103.1792 	EXP 	text_2: autoDraw = False
103.7536 	EXP 	window1: mouseVisible = True
