2.8681 	WARNING 	We strongly recommend you activate the PTB sound engine in PsychoPy prefs as the preferred audio engine. Its timing is vastly superior. Your prefs are currently set to use ['sounddevice', 'PTB', 'pyo', 'pygame'] (in that order).
10.4315 	WARNING 	User requested fullscreen with size [1024  768], but screen is actually [1680, 1050]. Using actual size
11.7972 	EXP 	Created window1 = Window(allowGUI=True, allowStencil=False, autoLog=True, backendConf=UNKNOWN, bitsMode=UNKNOWN, blendMode='avg', bpc=(8, 8, 8), color=array([0, 0, 0]), colorSpace='rgb', depthBits=8, fullscr=<method-wrapper '__getattribute__' of attributeSetter object at 0x7f88f4f60430>, gamma=None, gammaErrorPolicy='raise', lms=UNKNOWN, monitor=<psychopy.monitors.calibTools.Monitor object at 0x7f88c23f4a90>, multiSample=False, name='window1', numSamples=2, pos=[420.0, 262.5], screen=0, size=array([3360, 2100]), stencilBits=0, stereo=False, units='height', useFBO=True, useRetina=True, viewOri=0.0, viewPos=None, viewScale=None, waitBlanking=True, winType='pyglet')
11.7974 	EXP 	window1: mouseVisible = True
11.7984 	EXP 	window1: mouseVisible = False
11.7985 	EXP 	window1: Attempting to measure frame rate of screen (0) ...
11.7986 	EXP 	window1: recordFrameIntervals = False
11.9621 	EXP 	window1: recordFrameIntervals = True
12.1461 	EXP 	Screen (0) actual frame rate measured at 59.96Hz
12.1461 	EXP 	window1: recordFrameIntervals = False
17.9738 	EXP 	Created text = TextStim(__class__=<class 'psychopy.visual.text.TextStim'>, alignHoriz=method-wrapper(...), alignText='center', alignVert=method-wrapper(...), anchorHoriz='center', anchorVert='center', antialias=True, autoDraw=False, autoLog=True, bold=False, color=array([1, 1, 1]), colorSpace='rgb', contrast=1.0, depth=0.0, flipHoriz=False, flipVert=False, font='Open Sans', fontFiles=[], height=0.05, italic=False, languageStyle='LTR', name='text', opacity=1.0, ori=0.0, pos=array([0., 0.]), rgb=UNKNOWN, text='Welcome to the Nursing Home Experiment', units='height', win=Window(...), wrapWidth=1)
18.0098 	EXP 	Created text_3 = TextStim(__class__=<class 'psychopy.visual.text.TextStim'>, alignHoriz=method-wrapper(...), alignText='center', alignVert=method-wrapper(...), anchorHoriz='center', anchorVert='center', antialias=True, autoDraw=False, autoLog=True, bold=False, color=array([1, 1, 1]), colorSpace='rgb', contrast=1.0, depth=0.0, flipHoriz=False, flipVert=False, font='Open Sans', fontFiles=[], height=0.05, italic=False, languageStyle='LTR', name='text_3', opacity=1.0, ori=0.0, pos=array([0., 0.]), rgb=UNKNOWN, text=str(...), units='height', win=Window(...), wrapWidth=1)
18.0327 	EXP 	Created text_4 = TextStim(__class__=<class 'psychopy.visual.text.TextStim'>, alignHoriz=method-wrapper(...), alignText='center', alignVert=method-wrapper(...), anchorHoriz='center', anchorVert='center', antialias=True, autoDraw=False, autoLog=True, bold=False, color=array([1, 1, 1]), colorSpace='rgb', contrast=1.0, depth=0.0, flipHoriz=False, flipVert=False, font='Open Sans', fontFiles=[], height=0.05, italic=False, languageStyle='LTR', name='text_4', opacity=1.0, ori=0.0, pos=array([0., 0.]), rgb=UNKNOWN, text=str(...), units='height', win=Window(...), wrapWidth=1)
18.0445 	EXP 	Created imageLandmarks = ImageStim(__class__=<class 'psychopy.visual.image.ImageStim'>, anchor=('center', 'center'), autoLog=True, color=array([1, 1, 1]), colorSpace='rgb', contrast=1.0, depth=0.0, flipHoriz=False, flipVert=False, image='sin', interpolate=True, mask=None, maskParams=None, name='imageLandmarks', opacity=1.0, ori=0.0, pos=array([0., 0.]), size=array([0.5, 0.5]), texRes=128.0, units='height', win=Window(...))
18.0524 	EXP 	Created salience_text = TextStim(__class__=<class 'psychopy.visual.text.TextStim'>, alignHoriz=method-wrapper(...), alignText='center', alignVert=method-wrapper(...), anchorHoriz='center', anchorVert='center', antialias=True, autoDraw=False, autoLog=True, bold=False, color=array([1, 1, 1]), colorSpace='rgb', contrast=1.0, depth=0.0, flipHoriz=False, flipVert=False, font='Open Sans', fontFiles=[], height=0.05, italic=False, languageStyle='LTR', name='salience_text', opacity=1.0, ori=0.0, pos=array([0., 0.]), rgb=UNKNOWN, text=str(...), units='height', win=Window(...), wrapWidth=1)
18.0608 	EXP 	Created visualcomplexity_text = TextStim(__class__=<class 'psychopy.visual.text.TextStim'>, alignHoriz=method-wrapper(...), alignText='center', alignVert=method-wrapper(...), anchorHoriz='center', anchorVert='center', antialias=True, autoDraw=False, autoLog=True, bold=False, color=array([1, 1, 1]), colorSpace='rgb', contrast=1.0, depth=0.0, flipHoriz=False, flipVert=False, font='Open Sans', fontFiles=[], height=0.05, italic=False, languageStyle='LTR', name='visualcomplexity_text', opacity=1.0, ori=0.0, pos=array([0., 0.]), rgb=UNKNOWN, text=str(...), units='height', win=Window(...), wrapWidth=1)
18.0655 	EXP 	Created landmarkName_text = TextStim(__class__=<class 'psychopy.visual.text.TextStim'>, alignHoriz=method-wrapper(...), alignText='center', alignVert=method-wrapper(...), anchorHoriz='center', anchorVert='center', antialias=True, autoDraw=False, autoLog=True, bold=False, color=array([1, 1, 1]), colorSpace='rgb', contrast=1.0, depth=0.0, flipHoriz=False, flipVert=False, font='Open Sans', fontFiles=[], height=0.05, italic=False, languageStyle='LTR', name='landmarkName_text', opacity=1.0, ori=0.0, pos=array([0., 0.]), rgb=UNKNOWN, text='What would you name this object?\n', units='height', win=Window(...), wrapWidth=1)
18.0668 	EXP 	Created text_5 = TextStim(__class__=<class 'psychopy.visual.text.TextStim'>, alignHoriz=method-wrapper(...), alignText='center', alignVert=method-wrapper(...), anchorHoriz='center', anchorVert='center', antialias=True, autoDraw=False, autoLog=True, bold=False, color=array([1, 1, 1]), colorSpace='rgb', contrast=1.0, depth=-2.0, flipHoriz=False, flipVert=False, font='Open Sans', fontFiles=[], height=0.05, italic=False, languageStyle='LTR', name='text_5', opacity=1.0, ori=0.0, pos=array([ 0. , -0.1]), rgb=UNKNOWN, text='', units='height', win=Window(...), wrapWidth=1)
18.0743 	EXP 	Created text_2 = TextStim(__class__=<class 'psychopy.visual.text.TextStim'>, alignHoriz=method-wrapper(...), alignText='center', alignVert=method-wrapper(...), anchorHoriz='center', anchorVert='center', antialias=True, autoDraw=False, autoLog=True, bold=False, color=array([1, 1, 1]), colorSpace='rgb', contrast=1.0, depth=0.0, flipHoriz=False, flipVert=False, font='Open Sans', fontFiles=[], height=0.05, italic=False, languageStyle='LTR', name='text_2', opacity=1.0, ori=0.0, pos=array([0., 0.]), rgb=UNKNOWN, text=str(...), units='height', win=Window(...), wrapWidth=1)
18.1043 	EXP 	text: autoDraw = True
23.1118 	EXP 	text: autoDraw = False
23.1118 	EXP 	text_3: autoDraw = True
25.9214 	DATA 	Keypress: space
25.9338 	EXP 	text_3: autoDraw = False
25.9338 	EXP 	text_4: autoDraw = True
26.4842 	EXP 	Imported landmark_stims.xlsx as conditions, 15 conditions, 1 params
26.4852 	EXP 	Created sequence: random, trialTypes=15, nReps=1, seed=None
26.4855 	EXP 	New trial (rep=0, index=0): {'landmark_images': 'images/Landmark7.png'}
26.5304 	DATA 	Keypress: space
26.5433 	EXP 	text_4: autoDraw = False
26.5433 	EXP 	imageLandmarks: image = 'images/Landmark7.png'
26.5433 	EXP 	imageLandmarks: autoDraw = True
31.4846 	EXP 	imageLandmarks: autoDraw = False
31.4846 	EXP 	salience_text: autoDraw = True
33.4343 	DATA 	Keypress: 2
33.4469 	EXP 	salience_text: autoDraw = False
33.4469 	EXP 	visualcomplexity_text: autoDraw = True
34.4016 	DATA 	Keypress: 1
34.4135 	EXP 	visualcomplexity_text: autoDraw = False
34.4135 	EXP 	landmarkName_text: autoDraw = True
34.4135 	EXP 	text_5: autoDraw = True
34.4135 	EXP 	text_5: height = 0.05
34.4135 	EXP 	text_5: height = 0.05
34.4135 	EXP 	text_5: height = 0.05
34.4135 	EXP 	text_5: text = ''
36.4514 	DATA 	Keypress: w
36.6035 	DATA 	Keypress: i
36.9282 	DATA 	Keypress: c
37.0932 	DATA 	Keypress: k
37.1882 	DATA 	Keypress: e
37.2809 	DATA 	Keypress: r
38.0689 	DATA 	Keypress: space
38.7497 	DATA 	Keypress: b
38.8672 	DATA 	Keypress: a
39.0285 	DATA 	Keypress: s
39.1448 	DATA 	Keypress: k
40.0982 	DATA 	Keypress: e
40.2691 	DATA 	Keypress: t
40.8193 	DATA 	Keypress: space
41.6881 	DATA 	Keypress: space
42.2558 	DATA 	Keypress: backspace
42.7247 	DATA 	Keypress: backspace
43.5557 	DATA 	Keypress: backspace
44.1412 	DATA 	Keypress: backspace
46.7602 	DATA 	Keypress: backspace
47.8774 	DATA 	Keypress: backspace
48.0797 	DATA 	Keypress: backspace
48.2812 	DATA 	Keypress: backspace
48.4797 	DATA 	Keypress: backspace
48.7759 	DATA 	Keypress: return
49.0890 	DATA 	Keypress: return
49.5954 	DATA 	Keypress: return
49.8059 	DATA 	Keypress: return
49.9944 	DATA 	Keypress: return
50.1804 	DATA 	Keypress: return
50.3548 	DATA 	Keypress: return
50.5917 	DATA 	Keypress: return
50.7793 	DATA 	Keypress: return
50.9842 	DATA 	Keypress: return
52.6413 	DATA 	Keypress: return
52.8120 	DATA 	Keypress: return
52.9953 	DATA 	Keypress: return
53.1607 	DATA 	Keypress: return
53.3314 	DATA 	Keypress: return
53.5579 	DATA 	Keypress: return
53.7722 	DATA 	Keypress: return
54.5133 	DATA 	Keypress: escape
55.3878 	EXP 	window1: mouseVisible = True
