2.6136 	WARNING 	We strongly recommend you activate the PTB sound engine in PsychoPy prefs as the preferred audio engine. Its timing is vastly superior. Your prefs are currently set to use ['sounddevice', 'PTB', 'pyo', 'pygame'] (in that order).
9.9628 	WARNING 	User requested fullscreen with size [1024  768], but screen is actually [1680, 1050]. Using actual size
11.2132 	EXP 	Created window1 = Window(allowGUI=True, allowStencil=False, autoLog=True, backendConf=UNKNOWN, bitsMode=UNKNOWN, blendMode='avg', bpc=(8, 8, 8), color=array([0, 0, 0]), colorSpace='rgb', depthBits=8, fullscr=<method-wrapper '__getattribute__' of attributeSetter object at 0x7fbb03f85430>, gamma=None, gammaErrorPolicy='raise', lms=UNKNOWN, monitor=<psychopy.monitors.calibTools.Monitor object at 0x7fbad0e14a90>, multiSample=False, name='window1', numSamples=2, pos=[420.0, 262.5], screen=0, size=array([3360, 2100]), stencilBits=0, stereo=False, units='height', useFBO=True, useRetina=True, viewOri=0.0, viewPos=None, viewScale=None, waitBlanking=True, winType='pyglet')
11.2135 	EXP 	window1: mouseVisible = True
11.2151 	EXP 	window1: mouseVisible = False
11.2151 	EXP 	window1: Attempting to measure frame rate of screen (0) ...
11.2152 	EXP 	window1: recordFrameIntervals = False
11.3799 	EXP 	window1: recordFrameIntervals = True
11.5629 	EXP 	Screen (0) actual frame rate measured at 60.20Hz
11.5629 	EXP 	window1: recordFrameIntervals = False
15.2061 	EXP 	Created text = TextStim(__class__=<class 'psychopy.visual.text.TextStim'>, alignHoriz=method-wrapper(...), alignText='center', alignVert=method-wrapper(...), anchorHoriz='center', anchorVert='center', antialias=True, autoDraw=False, autoLog=True, bold=False, color=array([1, 1, 1]), colorSpace='rgb', contrast=1.0, depth=0.0, flipHoriz=False, flipVert=False, font='Open Sans', fontFiles=[], height=0.05, italic=False, languageStyle='LTR', name='text', opacity=1.0, ori=0.0, pos=array([0., 0.]), rgb=UNKNOWN, text='Welcome to the Nursing Home Experiment', units='height', win=Window(...), wrapWidth=1)
15.2319 	EXP 	Created text_3 = TextStim(__class__=<class 'psychopy.visual.text.TextStim'>, alignHoriz=method-wrapper(...), alignText='center', alignVert=method-wrapper(...), anchorHoriz='center', anchorVert='center', antialias=True, autoDraw=False, autoLog=True, bold=False, color=array([1, 1, 1]), colorSpace='rgb', contrast=1.0, depth=0.0, flipHoriz=False, flipVert=False, font='Open Sans', fontFiles=[], height=0.05, italic=False, languageStyle='LTR', name='text_3', opacity=1.0, ori=0.0, pos=array([0., 0.]), rgb=UNKNOWN, text=str(...), units='height', win=Window(...), wrapWidth=1)
15.2466 	EXP 	Created text_4 = TextStim(__class__=<class 'psychopy.visual.text.TextStim'>, alignHoriz=method-wrapper(...), alignText='center', alignVert=method-wrapper(...), anchorHoriz='center', anchorVert='center', antialias=True, autoDraw=False, autoLog=True, bold=False, color=array([1, 1, 1]), colorSpace='rgb', contrast=1.0, depth=0.0, flipHoriz=False, flipVert=False, font='Open Sans', fontFiles=[], height=0.05, italic=False, languageStyle='LTR', name='text_4', opacity=1.0, ori=0.0, pos=array([0., 0.]), rgb=UNKNOWN, text=str(...), units='height', win=Window(...), wrapWidth=1)
15.2550 	EXP 	Created imageLandmarks = ImageStim(__class__=<class 'psychopy.visual.image.ImageStim'>, anchor=('center', 'center'), autoLog=True, color=array([1, 1, 1]), colorSpace='rgb', contrast=1.0, depth=0.0, flipHoriz=False, flipVert=False, image='sin', interpolate=True, mask=None, maskParams=None, name='imageLandmarks', opacity=1.0, ori=0.0, pos=array([0., 0.]), size=array([0.5, 0.5]), texRes=128.0, units='height', win=Window(...))
15.2558 	EXP 	Created salience_text = TextStim(__class__=<class 'psychopy.visual.text.TextStim'>, alignHoriz=method-wrapper(...), alignText='center', alignVert=method-wrapper(...), anchorHoriz='center', anchorVert='center', antialias=True, autoDraw=False, autoLog=True, bold=False, color=array([1, 1, 1]), colorSpace='rgb', contrast=1.0, depth=0.0, flipHoriz=False, flipVert=False, font='Open Sans', fontFiles=[], height=0.05, italic=False, languageStyle='LTR', name='salience_text', opacity=1.0, ori=0.0, pos=array([0., 0.]), rgb=UNKNOWN, text='', units='height', win=Window(...), wrapWidth=1)
15.2564 	EXP 	Created visualcomplexity_text = TextStim(__class__=<class 'psychopy.visual.text.TextStim'>, alignHoriz=method-wrapper(...), alignText='center', alignVert=method-wrapper(...), anchorHoriz='center', anchorVert='center', antialias=True, autoDraw=False, autoLog=True, bold=False, color=array([1, 1, 1]), colorSpace='rgb', contrast=1.0, depth=0.0, flipHoriz=False, flipVert=False, font='Open Sans', fontFiles=[], height=0.05, italic=False, languageStyle='LTR', name='visualcomplexity_text', opacity=1.0, ori=0.0, pos=array([0., 0.]), rgb=UNKNOWN, text='', units='height', win=Window(...), wrapWidth=1)
15.2570 	EXP 	Created landmarkName_text = TextStim(__class__=<class 'psychopy.visual.text.TextStim'>, alignHoriz=method-wrapper(...), alignText='center', alignVert=method-wrapper(...), anchorHoriz='center', anchorVert='center', antialias=True, autoDraw=False, autoLog=True, bold=False, color=array([1, 1, 1]), colorSpace='rgb', contrast=1.0, depth=0.0, flipHoriz=False, flipVert=False, font='Open Sans', fontFiles=[], height=0.05, italic=False, languageStyle='LTR', name='landmarkName_text', opacity=1.0, ori=0.0, pos=array([0., 0.]), rgb=UNKNOWN, text='', units='height', win=Window(...), wrapWidth=1)
15.2740 	EXP 	Created text_2 = TextStim(__class__=<class 'psychopy.visual.text.TextStim'>, alignHoriz=method-wrapper(...), alignText='center', alignVert=method-wrapper(...), anchorHoriz='center', anchorVert='center', antialias=True, autoDraw=False, autoLog=True, bold=False, color=array([1, 1, 1]), colorSpace='rgb', contrast=1.0, depth=0.0, flipHoriz=False, flipVert=False, font='Open Sans', fontFiles=[], height=0.05, italic=False, languageStyle='LTR', name='text_2', opacity=1.0, ori=0.0, pos=array([0., 0.]), rgb=UNKNOWN, text=str(...), units='height', win=Window(...), wrapWidth=1)
15.3023 	EXP 	feedbackText: autoLog = True
15.3023 	EXP 	text: autoDraw = True
20.2973 	EXP 	text: autoDraw = False
20.2973 	EXP 	text_3: autoDraw = True
72.3177 	DATA 	Keypress: space
72.3295 	EXP 	text_3: autoDraw = False
72.3295 	EXP 	text_4: autoDraw = True
72.7689 	EXP 	Imported landmark_stims.xlsx as conditions, 4 conditions, 1 params
72.7700 	EXP 	Created sequence: random, trialTypes=4, nReps=1, seed=None
72.7703 	EXP 	New trial (rep=0, index=0): {'landmark_images': 'images/Landmark1.png'}
72.8150 	DATA 	Keypress: space
72.8290 	EXP 	text_4: autoDraw = False
72.8290 	EXP 	imageLandmarks: image = 'images/Landmark1.png'
72.8290 	EXP 	imageLandmarks: autoDraw = True
77.7753 	EXP 	imageLandmarks: autoDraw = False
77.7753 	EXP 	salience_text: height = 0.05
77.7753 	EXP 	salience_text: height = 0.05
77.7753 	EXP 	salience_text: height = 0.05
77.7753 	EXP 	salience_text: text = 'On a scale of 1 to 5, how salience would you rate the object?'
77.7753 	EXP 	salience_text: autoDraw = True
79.3545 	DATA 	Keypress: 2
79.3664 	EXP 	salience_text: autoDraw = False
79.3664 	EXP 	visualcomplexity_text: height = 0.05
79.3664 	EXP 	visualcomplexity_text: height = 0.05
79.3664 	EXP 	visualcomplexity_text: height = 0.05
79.3664 	EXP 	visualcomplexity_text: text = 'On a scale of 1 to 5, how visually complex was the object?'
79.3664 	EXP 	visualcomplexity_text: autoDraw = True
79.8127 	DATA 	Keypress: 3
79.8252 	EXP 	visualcomplexity_text: autoDraw = False
79.8252 	EXP 	landmarkName_text: height = 0.05
79.8252 	EXP 	landmarkName_text: height = 0.05
79.8252 	EXP 	landmarkName_text: height = 0.05
79.8252 	EXP 	landmarkName_text: text = 'What would you name this object?\n'
79.8252 	EXP 	landmarkName_text: autoDraw = True
79.8252 	EXP 	feedbackText: autoDraw = True
85.2867 	DATA 	Keypress: f
85.5119 	DATA 	Keypress: r
85.6025 	DATA 	Keypress: f
86.1163 	DATA 	Keypress: f
87.4148 	DATA 	Keypress: k
87.5649 	DATA 	Keypress: n
87.9552 	DATA 	Keypress: return
88.4443 	DATA 	Keypress: return
89.2261 	DATA 	Keypress: escape
90.4849 	EXP 	window1: mouseVisible = True
