2.6980 	WARNING 	We strongly recommend you activate the PTB sound engine in PsychoPy prefs as the preferred audio engine. Its timing is vastly superior. Your prefs are currently set to use ['sounddevice', 'PTB', 'pyo', 'pygame'] (in that order).
11.1735 	WARNING 	User requested fullscreen with size [1024  768], but screen is actually [1680, 1050]. Using actual size
12.4460 	EXP 	Created window1 = Window(allowGUI=True, allowStencil=False, autoLog=True, backendConf=UNKNOWN, bitsMode=UNKNOWN, blendMode='avg', bpc=(8, 8, 8), color=array([0, 0, 0]), colorSpace='rgb', depthBits=8, fullscr=<method-wrapper '__getattribute__' of attributeSetter object at 0x7f9084be03a0>, gamma=None, gammaErrorPolicy='raise', lms=UNKNOWN, monitor=<psychopy.monitors.calibTools.Monitor object at 0x7f905169fc40>, multiSample=False, name='window1', numSamples=2, pos=[420.0, 262.5], screen=0, size=array([3360, 2100]), stencilBits=0, stereo=False, units='height', useFBO=True, useRetina=True, viewOri=0.0, viewPos=None, viewScale=None, waitBlanking=True, winType='pyglet')
12.4463 	EXP 	window1: mouseVisible = True
12.4477 	EXP 	window1: mouseVisible = False
12.4477 	EXP 	window1: Attempting to measure frame rate of screen (0) ...
12.4478 	EXP 	window1: recordFrameIntervals = False
12.6106 	EXP 	window1: recordFrameIntervals = True
12.7946 	EXP 	Screen (0) actual frame rate measured at 59.82Hz
12.7947 	EXP 	window1: recordFrameIntervals = False
15.9109 	EXP 	Created text = TextStim(__class__=<class 'psychopy.visual.text.TextStim'>, alignHoriz=method-wrapper(...), alignText='center', alignVert=method-wrapper(...), anchorHoriz='center', anchorVert='center', antialias=True, autoDraw=False, autoLog=True, bold=False, color=array([1, 1, 1]), colorSpace='rgb', contrast=1.0, depth=0.0, flipHoriz=False, flipVert=False, font='Open Sans', fontFiles=[], height=0.05, italic=False, languageStyle='LTR', name='text', opacity=1.0, ori=0.0, pos=array([0., 0.]), rgb=UNKNOWN, text='Welcome to the Nursing Home Experiment', units='height', win=Window(...), wrapWidth=1)
15.9344 	EXP 	Created text_3 = TextStim(__class__=<class 'psychopy.visual.text.TextStim'>, alignHoriz=method-wrapper(...), alignText='center', alignVert=method-wrapper(...), anchorHoriz='center', anchorVert='center', antialias=True, autoDraw=False, autoLog=True, bold=False, color=array([1, 1, 1]), colorSpace='rgb', contrast=1.0, depth=0.0, flipHoriz=False, flipVert=False, font='Open Sans', fontFiles=[], height=0.05, italic=False, languageStyle='LTR', name='text_3', opacity=1.0, ori=0.0, pos=array([0., 0.]), rgb=UNKNOWN, text=str(...), units='height', win=Window(...), wrapWidth=1)
15.9488 	EXP 	Created text_4 = TextStim(__class__=<class 'psychopy.visual.text.TextStim'>, alignHoriz=method-wrapper(...), alignText='center', alignVert=method-wrapper(...), anchorHoriz='center', anchorVert='center', antialias=True, autoDraw=False, autoLog=True, bold=False, color=array([1, 1, 1]), colorSpace='rgb', contrast=1.0, depth=0.0, flipHoriz=False, flipVert=False, font='Open Sans', fontFiles=[], height=0.05, italic=False, languageStyle='LTR', name='text_4', opacity=1.0, ori=0.0, pos=array([0., 0.]), rgb=UNKNOWN, text=str(...), units='height', win=Window(...), wrapWidth=1)
15.9563 	EXP 	Created imageLandmarks = ImageStim(__class__=<class 'psychopy.visual.image.ImageStim'>, anchor=('center', 'center'), autoLog=True, color=array([1, 1, 1]), colorSpace='rgb', contrast=1.0, depth=0.0, flipHoriz=False, flipVert=False, image='sin', interpolate=True, mask=None, maskParams=None, name='imageLandmarks', opacity=1.0, ori=0.0, pos=array([0., 0.]), size=array([0.5, 0.5]), texRes=128.0, units='height', win=Window(...))
15.9570 	EXP 	Created salience_text = TextStim(__class__=<class 'psychopy.visual.text.TextStim'>, alignHoriz=method-wrapper(...), alignText='center', alignVert=method-wrapper(...), anchorHoriz='center', anchorVert='center', antialias=True, autoDraw=False, autoLog=True, bold=False, color=array([1, 1, 1]), colorSpace='rgb', contrast=1.0, depth=0.0, flipHoriz=False, flipVert=False, font='Open Sans', fontFiles=[], height=0.05, italic=False, languageStyle='LTR', name='salience_text', opacity=1.0, ori=0.0, pos=array([0., 0.]), rgb=UNKNOWN, text='', units='height', win=Window(...), wrapWidth=1)
15.9577 	EXP 	Created visualcomplexity_text = TextStim(__class__=<class 'psychopy.visual.text.TextStim'>, alignHoriz=method-wrapper(...), alignText='center', alignVert=method-wrapper(...), anchorHoriz='center', anchorVert='center', antialias=True, autoDraw=False, autoLog=True, bold=False, color=array([1, 1, 1]), colorSpace='rgb', contrast=1.0, depth=0.0, flipHoriz=False, flipVert=False, font='Open Sans', fontFiles=[], height=0.05, italic=False, languageStyle='LTR', name='visualcomplexity_text', opacity=1.0, ori=0.0, pos=array([0., 0.]), rgb=UNKNOWN, text='', units='height', win=Window(...), wrapWidth=1)
15.9584 	EXP 	Created landmarkName_text = TextStim(__class__=<class 'psychopy.visual.text.TextStim'>, alignHoriz=method-wrapper(...), alignText='center', alignVert=method-wrapper(...), anchorHoriz='center', anchorVert='center', antialias=True, autoDraw=False, autoLog=True, bold=False, color=array([1, 1, 1]), colorSpace='rgb', contrast=1.0, depth=0.0, flipHoriz=False, flipVert=False, font='Open Sans', fontFiles=[], height=0.05, italic=False, languageStyle='LTR', name='landmarkName_text', opacity=1.0, ori=0.0, pos=array([0., 0.]), rgb=UNKNOWN, text='', units='height', win=Window(...), wrapWidth=1)
16.0014 	EXP 	Created endButton = TextStim(__class__=<class 'psychopy.visual.text.TextStim'>, alignHoriz=method-wrapper(...), alignText='center', alignVert=method-wrapper(...), anchorHoriz='center', anchorVert='center', antialias=True, autoDraw=False, autoLog=True, bold=False, color=array([1, 1, 1]), colorSpace='rgb', contrast=1.0, depth=-2.0, flipHoriz=False, flipVert=False, font='Open Sans', fontFiles=[], height=0.05, italic=False, languageStyle='LTR', name='endButton', opacity=1.0, ori=0.0, pos=array([ 0. , -0.3]), rgb=UNKNOWN, text='Click here to continue', units='height', win=Window(...), wrapWidth=1)
16.0018 	EXP 	window1: mouseVisible = True
16.0065 	EXP 	Created text_2 = TextStim(__class__=<class 'psychopy.visual.text.TextStim'>, alignHoriz=method-wrapper(...), alignText='center', alignVert=method-wrapper(...), anchorHoriz='center', anchorVert='center', antialias=True, autoDraw=False, autoLog=True, bold=False, color=array([1, 1, 1]), colorSpace='rgb', contrast=1.0, depth=0.0, flipHoriz=False, flipVert=False, font='Open Sans', fontFiles=[], height=0.05, italic=False, languageStyle='LTR', name='text_2', opacity=1.0, ori=0.0, pos=array([0., 0.]), rgb=UNKNOWN, text=str(...), units='height', win=Window(...), wrapWidth=1)
16.0327 	EXP 	feedbackText: autoLog = True
16.0327 	EXP 	text: autoDraw = True
21.0307 	EXP 	text: autoDraw = False
21.0307 	EXP 	text_3: autoDraw = True
22.1033 	DATA 	Keypress: space
22.1155 	EXP 	text_3: autoDraw = False
22.1155 	EXP 	text_4: autoDraw = True
22.6532 	DATA 	Keypress: space
22.6813 	EXP 	Imported landmark_stims.xlsx as conditions, 4 conditions, 1 params
22.6820 	EXP 	Created sequence: random, trialTypes=4, nReps=1, seed=None
22.6823 	EXP 	New trial (rep=0, index=0): {'landmark_images': 'images/Landmark4.png'}
22.7284 	EXP 	text_4: autoDraw = False
22.7284 	EXP 	imageLandmarks: image = 'images/Landmark4.png'
22.7284 	EXP 	imageLandmarks: autoDraw = True
27.7016 	EXP 	imageLandmarks: autoDraw = False
27.7016 	EXP 	salience_text: height = 0.05
27.7016 	EXP 	salience_text: height = 0.05
27.7016 	EXP 	salience_text: height = 0.05
27.7016 	EXP 	salience_text: text = 'On a scale of 1 to 5, how salience would you rate the object?'
27.7016 	EXP 	salience_text: autoDraw = True
30.5014 	DATA 	Keypress: 2
30.5336 	EXP 	salience_text: autoDraw = False
30.5336 	EXP 	visualcomplexity_text: height = 0.05
30.5336 	EXP 	visualcomplexity_text: height = 0.05
30.5336 	EXP 	visualcomplexity_text: height = 0.05
30.5336 	EXP 	visualcomplexity_text: text = 'On a scale of 1 to 5, how visually complex was the object?'
30.5336 	EXP 	visualcomplexity_text: autoDraw = True
30.9458 	DATA 	Keypress: 2
30.9694 	EXP 	visualcomplexity_text: autoDraw = False
30.9694 	EXP 	landmarkName_text: height = 0.05
30.9694 	EXP 	landmarkName_text: height = 0.05
30.9694 	EXP 	landmarkName_text: height = 0.05
30.9694 	EXP 	landmarkName_text: text = 'What would you name this object?\n'
30.9694 	EXP 	landmarkName_text: autoDraw = True
30.9694 	EXP 	feedbackText: autoDraw = True
30.9694 	EXP 	endButton: autoDraw = True
32.7758 	DATA 	Keypress: backspace
33.4187 	DATA 	Keypress: backspace
33.6028 	DATA 	Keypress: backspace
33.7919 	DATA 	Keypress: backspace
33.9810 	DATA 	Keypress: backspace
34.1461 	DATA 	Keypress: backspace
35.7698 	DATA 	Keypress: backspace
35.9595 	DATA 	Keypress: backspace
36.1285 	DATA 	Keypress: backspace
36.3330 	DATA 	Keypress: backspace
36.5839 	DATA 	Keypress: backspace
36.8088 	DATA 	Keypress: backspace
37.0149 	DATA 	Keypress: backspace
37.2334 	DATA 	Keypress: backspace
37.6835 	DATA 	Keypress: backspace
42.0744 	DATA 	Keypress: w
42.1726 	DATA 	Keypress: i
42.2764 	DATA 	Keypress: c
42.4002 	DATA 	Keypress: k
42.4970 	DATA 	Keypress: e
42.6475 	DATA 	Keypress: r
42.6915 	DATA 	Keypress: space
43.1310 	DATA 	Keypress: b
43.2545 	DATA 	Keypress: a
43.7157 	DATA 	Keypress: s
43.8582 	DATA 	Keypress: k
44.0093 	DATA 	Keypress: e
44.2615 	DATA 	Keypress: t
46.3112 	DATA 	Mouse: Left button down, pos=(858,209)
46.3118 	DATA 	Mouse:  Left button up, pos=(858,209)
47.6239 	DATA 	Mouse: Left button down, pos=(858,209)
48.1791 	EXP 	window1: mouseVisible = True
