6.6518 	WARNING 	We strongly recommend you activate the PTB sound engine in PsychoPy prefs as the preferred audio engine. Its timing is vastly superior. Your prefs are currently set to use ['sounddevice', 'PTB', 'pyo', 'pygame'] (in that order).
18.6665 	WARNING 	User requested fullscreen with size [1024  768], but screen is actually [1680, 1050]. Using actual size
22.9824 	WARNING 	Couldn't measure a consistent frame rate!
  - Is your graphics card set to sync to vertical blank?
  - Are you running other processes on your computer?

22.9836 	EXP 	Created window1 = Window(allowGUI=True, allowStencil=False, autoLog=True, backendConf=UNKNOWN, bitsMode=UNKNOWN, blendMode='avg', bpc=(8, 8, 8), color=array([0, 0, 0]), colorSpace='rgb', depthBits=8, fullscr=<method-wrapper '__getattribute__' of attributeSetter object at 0x7fc824897ee0>, gamma=None, gammaErrorPolicy='raise', lms=UNKNOWN, monitor=<psychopy.monitors.calibTools.Monitor object at 0x7fc7f27a5b80>, multiSample=False, name='window1', numSamples=2, pos=[420.0, 262.5], screen=0, size=array([3360, 2100]), stencilBits=0, stereo=False, units='height', useFBO=True, useRetina=True, viewOri=0.0, viewPos=None, viewScale=None, waitBlanking=True, winType='pyglet')
22.9840 	EXP 	window1: mouseVisible = True
22.9853 	EXP 	window1: mouseVisible = False
22.9853 	EXP 	window1: Attempting to measure frame rate of screen (0) ...
22.9854 	EXP 	window1: recordFrameIntervals = False
23.2037 	EXP 	window1: recordFrameIntervals = True
23.2497 	WARNING 	t of last frame was 26.52ms (=1/37)
23.2876 	WARNING 	t of last frame was 22.83ms (=1/43)
23.3137 	WARNING 	t of last frame was 26.10ms (=1/38)
23.3438 	WARNING 	t of last frame was 30.09ms (=1/33)
23.3855 	WARNING 	Multiple dropped frames have occurred - I'll stop bothering you about them!
25.4779 	WARNING 	Couldn't measure a consistent frame rate!
  - Is your graphics card set to sync to vertical blank?
  - Are you running other processes on your computer?

31.6339 	EXP 	Created text = TextStim(__class__=<class 'psychopy.visual.text.TextStim'>, alignHoriz=method-wrapper(...), alignText='center', alignVert=method-wrapper(...), anchorHoriz='center', anchorVert='center', antialias=True, autoDraw=False, autoLog=True, bold=False, color=array([1, 1, 1]), colorSpace='rgb', contrast=1.0, depth=0.0, flipHoriz=False, flipVert=False, font='Open Sans', fontFiles=[], height=0.05, italic=False, languageStyle='LTR', name='text', opacity=1.0, ori=0.0, pos=array([0., 0.]), rgb=UNKNOWN, text='Welcome to the Nursing Home Experiment', units='height', win=Window(...), wrapWidth=1)
31.6732 	EXP 	Created text_3 = TextStim(__class__=<class 'psychopy.visual.text.TextStim'>, alignHoriz=method-wrapper(...), alignText='center', alignVert=method-wrapper(...), anchorHoriz='center', anchorVert='center', antialias=True, autoDraw=False, autoLog=True, bold=False, color=array([1, 1, 1]), colorSpace='rgb', contrast=1.0, depth=0.0, flipHoriz=False, flipVert=False, font='Open Sans', fontFiles=[], height=0.05, italic=False, languageStyle='LTR', name='text_3', opacity=1.0, ori=0.0, pos=array([0., 0.]), rgb=UNKNOWN, text=str(...), units='height', win=Window(...), wrapWidth=1)
31.6972 	EXP 	Created text_4 = TextStim(__class__=<class 'psychopy.visual.text.TextStim'>, alignHoriz=method-wrapper(...), alignText='center', alignVert=method-wrapper(...), anchorHoriz='center', anchorVert='center', antialias=True, autoDraw=False, autoLog=True, bold=False, color=array([1, 1, 1]), colorSpace='rgb', contrast=1.0, depth=0.0, flipHoriz=False, flipVert=False, font='Open Sans', fontFiles=[], height=0.05, italic=False, languageStyle='LTR', name='text_4', opacity=1.0, ori=0.0, pos=array([0., 0.]), rgb=UNKNOWN, text=str(...), units='height', win=Window(...), wrapWidth=1)
31.7338 	EXP 	Created imageLandmarks = ImageStim(__class__=<class 'psychopy.visual.image.ImageStim'>, anchor=('center', 'center'), autoLog=True, color=array([1, 1, 1]), colorSpace='rgb', contrast=1.0, depth=0.0, flipHoriz=False, flipVert=False, image='sin', interpolate=True, mask=None, maskParams=None, name='imageLandmarks', opacity=1.0, ori=0.0, pos=array([0., 0.]), size=array([0.5, 0.5]), texRes=128.0, units='height', win=Window(...))
31.7432 	EXP 	Created salience_text = TextStim(__class__=<class 'psychopy.visual.text.TextStim'>, alignHoriz=method-wrapper(...), alignText='center', alignVert=method-wrapper(...), anchorHoriz='center', anchorVert='center', antialias=True, autoDraw=False, autoLog=True, bold=False, color=array([1, 1, 1]), colorSpace='rgb', contrast=1.0, depth=0.0, flipHoriz=False, flipVert=False, font='Open Sans', fontFiles=[], height=0.05, italic=False, languageStyle='LTR', name='salience_text', opacity=1.0, ori=0.0, pos=array([0., 0.]), rgb=UNKNOWN, text=str(...), units='height', win=Window(...), wrapWidth=1)
31.7508 	EXP 	Created visualcomplexity_text = TextStim(__class__=<class 'psychopy.visual.text.TextStim'>, alignHoriz=method-wrapper(...), alignText='center', alignVert=method-wrapper(...), anchorHoriz='center', anchorVert='center', antialias=True, autoDraw=False, autoLog=True, bold=False, color=array([1, 1, 1]), colorSpace='rgb', contrast=1.0, depth=0.0, flipHoriz=False, flipVert=False, font='Open Sans', fontFiles=[], height=0.05, italic=False, languageStyle='LTR', name='visualcomplexity_text', opacity=1.0, ori=0.0, pos=array([0., 0.]), rgb=UNKNOWN, text=str(...), units='height', win=Window(...), wrapWidth=1)
31.7560 	EXP 	Created landmarkName_text = TextStim(__class__=<class 'psychopy.visual.text.TextStim'>, alignHoriz=method-wrapper(...), alignText='center', alignVert=method-wrapper(...), anchorHoriz='center', anchorVert='center', antialias=True, autoDraw=False, autoLog=True, bold=False, color=array([1, 1, 1]), colorSpace='rgb', contrast=1.0, depth=0.0, flipHoriz=False, flipVert=False, font='Open Sans', fontFiles=[], height=0.05, italic=False, languageStyle='LTR', name='landmarkName_text', opacity=1.0, ori=0.0, pos=array([0., 0.]), rgb=UNKNOWN, text='What would you name this object?\n', units='height', win=Window(...), wrapWidth=1)
31.7904 	EXP 	Created endButton = TextStim(__class__=<class 'psychopy.visual.text.TextStim'>, alignHoriz=method-wrapper(...), alignText='center', alignVert=method-wrapper(...), anchorHoriz='center', anchorVert='center', antialias=True, autoDraw=False, autoLog=True, bold=False, color=array([1, 1, 1]), colorSpace='rgb', contrast=1.0, depth=-2.0, flipHoriz=False, flipVert=False, font='Open Sans', fontFiles=[], height=0.05, italic=False, languageStyle='LTR', name='endButton', opacity=1.0, ori=0.0, pos=array([ 0. , -0.3]), rgb=UNKNOWN, text='continue', units='height', win=Window(...), wrapWidth=1)
31.7909 	EXP 	window1: mouseVisible = True
31.8015 	EXP 	Created text_2 = TextStim(__class__=<class 'psychopy.visual.text.TextStim'>, alignHoriz=method-wrapper(...), alignText='center', alignVert=method-wrapper(...), anchorHoriz='center', anchorVert='center', antialias=True, autoDraw=False, autoLog=True, bold=False, color=array([1, 1, 1]), colorSpace='rgb', contrast=1.0, depth=0.0, flipHoriz=False, flipVert=False, font='Open Sans', fontFiles=[], height=0.05, italic=False, languageStyle='LTR', name='text_2', opacity=1.0, ori=0.0, pos=array([0., 0.]), rgb=UNKNOWN, text=str(...), units='height', win=Window(...), wrapWidth=1)
31.8398 	EXP 	feedbackText: autoLog = True
31.8398 	EXP 	text: autoDraw = True
35.7571 	DATA 	Keypress: space
36.8627 	EXP 	text: autoDraw = False
36.8627 	EXP 	text_3: autoDraw = True
53.1050 	DATA 	Keypress: space
53.1234 	EXP 	text_3: autoDraw = False
53.1234 	EXP 	text_4: autoDraw = True
70.2058 	EXP 	Imported landmark_stims.xlsx as conditions, 4 conditions, 1 params
70.2161 	EXP 	Created sequence: random, trialTypes=4, nReps=1, seed=None
70.2168 	EXP 	New trial (rep=0, index=0): {'landmark_images': 'images/Landmark1.png'}
70.2603 	DATA 	Keypress: space
70.2783 	EXP 	text_4: autoDraw = False
70.2783 	EXP 	imageLandmarks: image = 'images/Landmark1.png'
70.2783 	EXP 	imageLandmarks: autoDraw = True
75.1102 	EXP 	imageLandmarks: autoDraw = False
75.1102 	EXP 	salience_text: autoDraw = True
80.2749 	DATA 	Keypress: 3
80.2914 	EXP 	salience_text: autoDraw = False
80.2914 	EXP 	visualcomplexity_text: autoDraw = True
83.0157 	DATA 	Keypress: 4
83.0536 	EXP 	visualcomplexity_text: autoDraw = False
83.0536 	EXP 	landmarkName_text: autoDraw = True
83.0536 	EXP 	feedbackText: autoDraw = True
83.0536 	EXP 	endButton: autoDraw = True
85.0891 	DATA 	Keypress: backspace
98.4244 	DATA 	Keypress: r
98.5208 	DATA 	Keypress: e
98.7851 	DATA 	Keypress: d
99.0193 	DATA 	Keypress: space
102.7003 	DATA 	Keypress: b
102.8734 	DATA 	Keypress: r
103.0955 	DATA 	Keypress: a
103.2902 	DATA 	Keypress: t
103.4721 	DATA 	Keypress: e
104.4607 	DATA 	Keypress: backspace
104.6266 	DATA 	Keypress: backspace
104.8026 	DATA 	Keypress: backspace
104.9266 	DATA 	Keypress: backspace
105.0503 	DATA 	Keypress: backspace
106.0008 	DATA 	Keypress: c
106.1122 	DATA 	Keypress: r
106.4054 	DATA 	Keypress: a
106.6259 	DATA 	Keypress: t
106.7451 	DATA 	Keypress: e
108.2258 	DATA 	Mouse: Left button down, pos=(878,215)
108.2355 	EXP 	New trial (rep=0, index=1): {'landmark_images': 'images/Landmark2.png'}
108.3022 	EXP 	landmarkName_text: autoDraw = False
108.3022 	EXP 	feedbackText: autoDraw = False
108.3022 	EXP 	endButton: autoDraw = False
108.3022 	EXP 	imageLandmarks: image = 'images/Landmark2.png'
108.3022 	EXP 	imageLandmarks: autoDraw = True
108.3352 	DATA 	Mouse:  Left button up, pos=(878,215)
113.2677 	EXP 	imageLandmarks: autoDraw = False
113.2677 	EXP 	salience_text: autoDraw = True
114.6438 	DATA 	Keypress: 3
114.6568 	EXP 	salience_text: autoDraw = False
114.6568 	EXP 	visualcomplexity_text: autoDraw = True
115.0979 	DATA 	Keypress: 3
115.1179 	EXP 	visualcomplexity_text: autoDraw = False
115.1179 	EXP 	landmarkName_text: autoDraw = True
115.1179 	EXP 	feedbackText: autoDraw = True
115.1179 	EXP 	endButton: autoDraw = True
116.5289 	DATA 	Keypress: backspace
119.1430 	DATA 	Keypress: p
119.4028 	DATA 	Keypress: c
119.4768 	DATA 	Keypress: i
119.6494 	DATA 	Keypress: n
119.8000 	DATA 	Keypress: i
119.8720 	DATA 	Keypress: c
120.0315 	DATA 	Keypress: space
120.4841 	DATA 	Keypress: backspace
120.6431 	DATA 	Keypress: backspace
120.7784 	DATA 	Keypress: backspace
120.9101 	DATA 	Keypress: backspace
121.0668 	DATA 	Keypress: backspace
121.2196 	DATA 	Keypress: backspace
121.4825 	DATA 	Keypress: i
121.6273 	DATA 	Keypress: c
122.2181 	DATA 	Keypress: n
122.3768 	DATA 	Keypress: i
122.5081 	DATA 	Keypress: c
122.7546 	DATA 	Keypress: space
123.3723 	DATA 	Keypress: b
123.4869 	DATA 	Keypress: a
123.5990 	DATA 	Keypress: s
123.7522 	DATA 	Keypress: k
123.9330 	DATA 	Keypress: e
124.1149 	DATA 	Keypress: t
124.2693 	DATA 	Keypress: return
125.3045 	DATA 	Keypress: backspace
126.6029 	DATA 	Mouse: Left button down, pos=(845,202)
126.6253 	EXP 	New trial (rep=0, index=2): {'landmark_images': 'images/Landmark4.png'}
126.6746 	EXP 	landmarkName_text: autoDraw = False
126.6746 	EXP 	feedbackText: autoDraw = False
126.6746 	EXP 	endButton: autoDraw = False
126.6746 	EXP 	imageLandmarks: image = 'images/Landmark4.png'
126.6746 	EXP 	imageLandmarks: autoDraw = True
126.7229 	DATA 	Mouse:  Left button up, pos=(845,202)
131.6650 	EXP 	imageLandmarks: autoDraw = False
131.6650 	EXP 	salience_text: autoDraw = True
132.8340 	DATA 	Keypress: 3
132.8495 	EXP 	salience_text: autoDraw = False
132.8495 	EXP 	visualcomplexity_text: autoDraw = True
133.6872 	DATA 	Keypress: 2
133.7050 	EXP 	visualcomplexity_text: autoDraw = False
133.7050 	EXP 	landmarkName_text: autoDraw = True
133.7050 	EXP 	feedbackText: autoDraw = True
133.7050 	EXP 	endButton: autoDraw = True
135.9919 	DATA 	Keypress: escape
137.0963 	EXP 	window1: mouseVisible = True
