4.7936 	WARNING 	We strongly recommend you activate the PTB sound engine in PsychoPy prefs as the preferred audio engine. Its timing is vastly superior. Your prefs are currently set to use ['sounddevice', 'PTB', 'pyo', 'pygame'] (in that order).
12.9343 	WARNING 	User requested fullscreen with size [1024  768], but screen is actually [1680, 1050]. Using actual size
15.2633 	WARNING 	Couldn't measure a consistent frame rate!
  - Is your graphics card set to sync to vertical blank?
  - Are you running other processes on your computer?

15.2640 	EXP 	Created window1 = Window(allowGUI=True, allowStencil=False, autoLog=True, backendConf=UNKNOWN, bitsMode=UNKNOWN, blendMode='avg', bpc=(8, 8, 8), color=array([0, 0, 0]), colorSpace='rgb', depthBits=8, fullscr=<method-wrapper '__getattribute__' of attributeSetter object at 0x7fda7b3215b0>, gamma=None, gammaErrorPolicy='raise', lms=UNKNOWN, monitor=<psychopy.monitors.calibTools.Monitor object at 0x7fda47e1e5b0>, multiSample=False, name='window1', numSamples=2, pos=[420.0, 262.5], screen=0, size=array([3360, 2100]), stencilBits=0, stereo=False, units='height', useFBO=True, useRetina=True, viewOri=0.0, viewPos=None, viewScale=None, waitBlanking=True, winType='pyglet')
15.2644 	EXP 	window1: mouseVisible = True
15.2661 	EXP 	window1: mouseVisible = False
15.2662 	EXP 	window1: Attempting to measure frame rate of screen (0) ...
15.2662 	EXP 	window1: recordFrameIntervals = False
15.4132 	EXP 	window1: recordFrameIntervals = True
15.5278 	WARNING 	t of last frame was 25.36ms (=1/39)
15.6780 	WARNING 	t of last frame was 23.24ms (=1/43)
15.7778 	WARNING 	t of last frame was 25.87ms (=1/38)
15.9113 	WARNING 	t of last frame was 25.69ms (=1/38)
15.9630 	WARNING 	Multiple dropped frames have occurred - I'll stop bothering you about them!
17.0635 	WARNING 	Couldn't measure a consistent frame rate!
  - Is your graphics card set to sync to vertical blank?
  - Are you running other processes on your computer?

20.8719 	EXP 	Created text = TextStim(__class__=<class 'psychopy.visual.text.TextStim'>, alignHoriz=method-wrapper(...), alignText='center', alignVert=method-wrapper(...), anchorHoriz='center', anchorVert='center', antialias=True, autoDraw=False, autoLog=True, bold=False, color=array([1, 1, 1]), colorSpace='rgb', contrast=1.0, depth=0.0, flipHoriz=False, flipVert=False, font='Open Sans', fontFiles=[], height=0.05, italic=False, languageStyle='LTR', name='text', opacity=1.0, ori=0.0, pos=array([0., 0.]), rgb=UNKNOWN, text='Welcome to the Nursing Home Experiment', units='height', win=Window(...), wrapWidth=1)
20.8993 	EXP 	Created text_3 = TextStim(__class__=<class 'psychopy.visual.text.TextStim'>, alignHoriz=method-wrapper(...), alignText='center', alignVert=method-wrapper(...), anchorHoriz='center', anchorVert='center', antialias=True, autoDraw=False, autoLog=True, bold=False, color=array([1, 1, 1]), colorSpace='rgb', contrast=1.0, depth=0.0, flipHoriz=False, flipVert=False, font='Open Sans', fontFiles=[], height=0.05, italic=False, languageStyle='LTR', name='text_3', opacity=1.0, ori=0.0, pos=array([0., 0.]), rgb=UNKNOWN, text=str(...), units='height', win=Window(...), wrapWidth=1)
20.9161 	EXP 	Created text_4 = TextStim(__class__=<class 'psychopy.visual.text.TextStim'>, alignHoriz=method-wrapper(...), alignText='center', alignVert=method-wrapper(...), anchorHoriz='center', anchorVert='center', antialias=True, autoDraw=False, autoLog=True, bold=False, color=array([1, 1, 1]), colorSpace='rgb', contrast=1.0, depth=0.0, flipHoriz=False, flipVert=False, font='Open Sans', fontFiles=[], height=0.05, italic=False, languageStyle='LTR', name='text_4', opacity=1.0, ori=0.0, pos=array([0., 0.]), rgb=UNKNOWN, text=str(...), units='height', win=Window(...), wrapWidth=1)
20.9244 	EXP 	Created salience_text = TextStim(__class__=<class 'psychopy.visual.text.TextStim'>, alignHoriz=method-wrapper(...), alignText='center', alignVert=method-wrapper(...), anchorHoriz='center', anchorVert='center', antialias=True, autoDraw=False, autoLog=True, bold=False, color=array([1, 1, 1]), colorSpace='rgb', contrast=1.0, depth=0.0, flipHoriz=False, flipVert=False, font='Open Sans', fontFiles=[], height=0.05, italic=False, languageStyle='LTR', name='salience_text', opacity=1.0, ori=0.0, pos=array([0., 0.]), rgb=UNKNOWN, text=str(...), units='height', win=Window(...), wrapWidth=1)
20.9315 	EXP 	Created image_Landmarks = ImageStim(__class__=<class 'psychopy.visual.image.ImageStim'>, anchor=('center', 'center'), autoLog=True, color=array([1, 1, 1]), colorSpace='rgb', contrast=1.0, depth=-2.0, flipHoriz=False, flipVert=False, image='sin', interpolate=True, mask=None, maskParams=None, name='image_Landmarks', opacity=1.0, ori=0.0, pos=array([0., 0.]), size=array([0.5, 0.5]), texRes=128.0, units='height', win=Window(...))
20.9357 	EXP 	Created visualcomplexity_text = TextStim(__class__=<class 'psychopy.visual.text.TextStim'>, alignHoriz=method-wrapper(...), alignText='center', alignVert=method-wrapper(...), anchorHoriz='center', anchorVert='center', antialias=True, autoDraw=False, autoLog=True, bold=False, color=array([1, 1, 1]), colorSpace='rgb', contrast=1.0, depth=0.0, flipHoriz=False, flipVert=False, font='Open Sans', fontFiles=[], height=0.05, italic=False, languageStyle='LTR', name='visualcomplexity_text', opacity=1.0, ori=0.0, pos=array([0., 0.]), rgb=UNKNOWN, text=str(...), units='height', win=Window(...), wrapWidth=1)
20.9391 	EXP 	Created landmarkName_text = TextStim(__class__=<class 'psychopy.visual.text.TextStim'>, alignHoriz=method-wrapper(...), alignText='center', alignVert=method-wrapper(...), anchorHoriz='center', anchorVert='center', antialias=True, autoDraw=False, autoLog=True, bold=False, color=array([1, 1, 1]), colorSpace='rgb', contrast=1.0, depth=0.0, flipHoriz=False, flipVert=False, font='Open Sans', fontFiles=[], height=0.05, italic=False, languageStyle='LTR', name='landmarkName_text', opacity=1.0, ori=0.0, pos=array([0., 0.]), rgb=UNKNOWN, text='What would you name this object?\n', units='height', win=Window(...), wrapWidth=1)
20.9591 	EXP 	Created endButton = TextStim(__class__=<class 'psychopy.visual.text.TextStim'>, alignHoriz=method-wrapper(...), alignText='center', alignVert=method-wrapper(...), anchorHoriz='center', anchorVert='center', antialias=True, autoDraw=False, autoLog=True, bold=False, color=array([1, 1, 1]), colorSpace='rgb', contrast=1.0, depth=-2.0, flipHoriz=False, flipVert=False, font='Open Sans', fontFiles=[], height=0.05, italic=False, languageStyle='LTR', name='endButton', opacity=1.0, ori=0.0, pos=array([ 0. , -0.3]), rgb=UNKNOWN, text='continue', units='height', win=Window(...), wrapWidth=1)
20.9594 	EXP 	window1: mouseVisible = True
20.9639 	EXP 	Created text_2 = TextStim(__class__=<class 'psychopy.visual.text.TextStim'>, alignHoriz=method-wrapper(...), alignText='center', alignVert=method-wrapper(...), anchorHoriz='center', anchorVert='center', antialias=True, autoDraw=False, autoLog=True, bold=False, color=array([1, 1, 1]), colorSpace='rgb', contrast=1.0, depth=0.0, flipHoriz=False, flipVert=False, font='Open Sans', fontFiles=[], height=0.05, italic=False, languageStyle='LTR', name='text_2', opacity=1.0, ori=0.0, pos=array([0., 0.]), rgb=UNKNOWN, text=str(...), units='height', win=Window(...), wrapWidth=1)
20.9832 	EXP 	feedbackText: autoLog = True
20.9832 	EXP 	text: autoDraw = True
25.9900 	EXP 	text: autoDraw = False
25.9900 	EXP 	text_3: autoDraw = True
57.5147 	DATA 	Keypress: space
57.5278 	EXP 	text_3: autoDraw = False
57.5278 	EXP 	text_4: autoDraw = True
57.9450 	DATA 	Keypress: space
57.9742 	EXP 	Imported landmark_stims.xlsx as conditions, 4 conditions, 1 params
57.9752 	EXP 	Created sequence: random, trialTypes=4, nReps=1, seed=None
57.9755 	EXP 	New trial (rep=0, index=0): {'landmark_images': 'images/Landmark3.png'}
58.0255 	EXP 	text_4: autoDraw = False
58.0255 	EXP 	image_Landmarks: image = 'images/Landmark3.png'
58.0255 	EXP 	salience_text: autoDraw = True
58.0255 	EXP 	image_Landmarks: autoDraw = True
60.5440 	DATA 	Keypress: 2
60.5799 	EXP 	salience_text: autoDraw = False
60.5799 	EXP 	image_Landmarks: autoDraw = False
60.5799 	EXP 	visualcomplexity_text: autoDraw = True
62.1608 	DATA 	Keypress: 2
62.1876 	EXP 	visualcomplexity_text: autoDraw = False
62.1876 	EXP 	landmarkName_text: autoDraw = True
62.1876 	EXP 	feedbackText: autoDraw = True
62.1876 	EXP 	endButton: autoDraw = True
64.5600 	DATA 	Keypress: g
64.6422 	DATA 	Keypress: f
64.9427 	DATA 	Keypress: return
65.5424 	DATA 	Keypress: return
67.4135 	DATA 	Keypress: backspace
67.6052 	DATA 	Keypress: backspace
68.9125 	DATA 	Mouse: Left button down, pos=(890,194)
68.9130 	DATA 	Mouse:  Left button up, pos=(890,194)
70.1635 	DATA 	Mouse: Left button down, pos=(849,202)
70.1641 	DATA 	Mouse:  Left button up, pos=(849,202)
71.0221 	DATA 	Mouse: Left button down, pos=(849,202)
71.0283 	EXP 	New trial (rep=0, index=1): {'landmark_images': 'images/Landmark1.png'}
71.0503 	EXP 	landmarkName_text: autoDraw = False
71.0503 	EXP 	feedbackText: autoDraw = False
71.0503 	EXP 	endButton: autoDraw = False
71.0503 	EXP 	image_Landmarks: image = 'images/Landmark1.png'
71.0503 	EXP 	salience_text: autoDraw = True
71.0503 	EXP 	image_Landmarks: autoDraw = True
71.1668 	DATA 	Mouse:  Left button up, pos=(849,202)
78.9249 	DATA 	Keypress: escape
80.1136 	EXP 	window1: mouseVisible = True
