3.9485 	WARNING 	We strongly recommend you activate the PTB sound engine in PsychoPy prefs as the preferred audio engine. Its timing is vastly superior. Your prefs are currently set to use ['sounddevice', 'PTB', 'pyo', 'pygame'] (in that order).
10.5112 	WARNING 	User requested fullscreen with size [1024  768], but screen is actually [1680, 1050]. Using actual size
12.5831 	EXP 	Created window1 = Window(allowGUI=True, allowStencil=False, autoLog=True, backendConf=UNKNOWN, bitsMode=UNKNOWN, blendMode='avg', bpc=(8, 8, 8), color=array([0, 0, 0]), colorSpace='rgb', depthBits=8, fullscr=<method-wrapper '__getattribute__' of attributeSetter object at 0x7f8b4811b2e0>, gamma=None, gammaErrorPolicy='raise', lms=UNKNOWN, monitor=<psychopy.monitors.calibTools.Monitor object at 0x7f8b15e1eaf0>, multiSample=False, name='window1', numSamples=2, pos=[420.0, 262.5], screen=0, size=array([3360, 2100]), stencilBits=0, stereo=False, units='height', useFBO=True, useRetina=True, viewOri=0.0, viewPos=None, viewScale=None, waitBlanking=True, winType='pyglet')
12.5834 	EXP 	window1: mouseVisible = True
12.5845 	EXP 	window1: mouseVisible = False
12.5845 	EXP 	window1: Attempting to measure frame rate of screen (0) ...
12.5845 	EXP 	window1: recordFrameIntervals = False
12.7480 	EXP 	window1: recordFrameIntervals = True
12.9318 	EXP 	Screen (0) actual frame rate measured at 60.03Hz
12.9319 	EXP 	window1: recordFrameIntervals = False
16.5950 	EXP 	Created text = TextStim(__class__=<class 'psychopy.visual.text.TextStim'>, alignHoriz=method-wrapper(...), alignText='center', alignVert=method-wrapper(...), anchorHoriz='center', anchorVert='center', antialias=True, autoDraw=False, autoLog=True, bold=False, color=array([1, 1, 1]), colorSpace='rgb', contrast=1.0, depth=0.0, flipHoriz=False, flipVert=False, font='Open Sans', fontFiles=[], height=0.05, italic=False, languageStyle='LTR', name='text', opacity=1.0, ori=0.0, pos=array([0., 0.]), rgb=UNKNOWN, text='Welcome to the Nursing Home Experiment', units='height', win=Window(...), wrapWidth=1)
16.6288 	EXP 	Created text_3 = TextStim(__class__=<class 'psychopy.visual.text.TextStim'>, alignHoriz=method-wrapper(...), alignText='center', alignVert=method-wrapper(...), anchorHoriz='center', anchorVert='center', antialias=True, autoDraw=False, autoLog=True, bold=False, color=array([1, 1, 1]), colorSpace='rgb', contrast=1.0, depth=0.0, flipHoriz=False, flipVert=False, font='Open Sans', fontFiles=[], height=0.05, italic=False, languageStyle='LTR', name='text_3', opacity=1.0, ori=0.0, pos=array([0., 0.]), rgb=UNKNOWN, text=str(...), units='height', win=Window(...), wrapWidth=1)
16.6432 	EXP 	Created text_4 = TextStim(__class__=<class 'psychopy.visual.text.TextStim'>, alignHoriz=method-wrapper(...), alignText='center', alignVert=method-wrapper(...), anchorHoriz='center', anchorVert='center', antialias=True, autoDraw=False, autoLog=True, bold=False, color=array([1, 1, 1]), colorSpace='rgb', contrast=1.0, depth=0.0, flipHoriz=False, flipVert=False, font='Open Sans', fontFiles=[], height=0.05, italic=False, languageStyle='LTR', name='text_4', opacity=1.0, ori=0.0, pos=array([0., 0.]), rgb=UNKNOWN, text=str(...), units='height', win=Window(...), wrapWidth=1)
16.6485 	EXP 	Created imageLandmarks = ImageStim(__class__=<class 'psychopy.visual.image.ImageStim'>, anchor=('center', 'center'), autoLog=True, color=array([1, 1, 1]), colorSpace='rgb', contrast=1.0, depth=0.0, flipHoriz=False, flipVert=False, image='sin', interpolate=True, mask=None, maskParams=None, name='imageLandmarks', opacity=1.0, ori=0.0, pos=array([0., 0.]), size=array([0.5, 0.5]), texRes=128.0, units='height', win=Window(...))
16.6560 	EXP 	Created salience_text = TextStim(__class__=<class 'psychopy.visual.text.TextStim'>, alignHoriz=method-wrapper(...), alignText='center', alignVert=method-wrapper(...), anchorHoriz='center', anchorVert='center', antialias=True, autoDraw=False, autoLog=True, bold=False, color=array([1, 1, 1]), colorSpace='rgb', contrast=1.0, depth=0.0, flipHoriz=False, flipVert=False, font='Open Sans', fontFiles=[], height=0.05, italic=False, languageStyle='LTR', name='salience_text', opacity=1.0, ori=0.0, pos=array([0., 0.]), rgb=UNKNOWN, text=str(...), units='height', win=Window(...), wrapWidth=1)
16.6626 	EXP 	Created visualcomplexity_text = TextStim(__class__=<class 'psychopy.visual.text.TextStim'>, alignHoriz=method-wrapper(...), alignText='center', alignVert=method-wrapper(...), anchorHoriz='center', anchorVert='center', antialias=True, autoDraw=False, autoLog=True, bold=False, color=array([1, 1, 1]), colorSpace='rgb', contrast=1.0, depth=0.0, flipHoriz=False, flipVert=False, font='Open Sans', fontFiles=[], height=0.05, italic=False, languageStyle='LTR', name='visualcomplexity_text', opacity=1.0, ori=0.0, pos=array([0., 0.]), rgb=UNKNOWN, text=str(...), units='height', win=Window(...), wrapWidth=1)
16.6667 	EXP 	Created landmarkName_text = TextStim(__class__=<class 'psychopy.visual.text.TextStim'>, alignHoriz=method-wrapper(...), alignText='center', alignVert=method-wrapper(...), anchorHoriz='center', anchorVert='center', antialias=True, autoDraw=False, autoLog=True, bold=False, color=array([1, 1, 1]), colorSpace='rgb', contrast=1.0, depth=0.0, flipHoriz=False, flipVert=False, font='Open Sans', fontFiles=[], height=0.05, italic=False, languageStyle='LTR', name='landmarkName_text', opacity=1.0, ori=0.0, pos=array([0., 0.]), rgb=UNKNOWN, text='What would you name this object?\n', units='height', win=Window(...), wrapWidth=1)
16.6734 	EXP 	Created text_2 = TextStim(__class__=<class 'psychopy.visual.text.TextStim'>, alignHoriz=method-wrapper(...), alignText='center', alignVert=method-wrapper(...), anchorHoriz='center', anchorVert='center', antialias=True, autoDraw=False, autoLog=True, bold=False, color=array([1, 1, 1]), colorSpace='rgb', contrast=1.0, depth=0.0, flipHoriz=False, flipVert=False, font='Open Sans', fontFiles=[], height=0.05, italic=False, languageStyle='LTR', name='text_2', opacity=1.0, ori=0.0, pos=array([0., 0.]), rgb=UNKNOWN, text=str(...), units='height', win=Window(...), wrapWidth=1)
16.6927 	EXP 	text: autoDraw = True
21.7059 	EXP 	text: autoDraw = False
21.7059 	EXP 	text_3: autoDraw = True
30.0381 	DATA 	Keypress: space
30.0509 	EXP 	text_3: autoDraw = False
30.0509 	EXP 	text_4: autoDraw = True
35.5727 	EXP 	Imported landmark_stims.xlsx as conditions, 15 conditions, 1 params
35.5900 	EXP 	Created sequence: random, trialTypes=15, nReps=1, seed=None
35.5960 	EXP 	New trial (rep=0, index=0): {'landmark_images': 'images/Landmark4.png'}
35.7163 	DATA 	Keypress: space
35.7332 	EXP 	text_4: autoDraw = False
35.7332 	EXP 	imageLandmarks: image = 'images/Landmark4.png'
35.7332 	EXP 	imageLandmarks: autoDraw = True
40.5547 	EXP 	imageLandmarks: autoDraw = False
40.5547 	EXP 	salience_text: autoDraw = True
42.9532 	DATA 	Keypress: 5
42.9651 	EXP 	salience_text: autoDraw = False
42.9651 	EXP 	visualcomplexity_text: autoDraw = True
45.2037 	DATA 	Keypress: 4
45.2149 	EXP 	visualcomplexity_text: autoDraw = False
45.2149 	EXP 	landmarkName_text: autoDraw = True
50.3165 	EXP 	New trial (rep=0, index=1): {'landmark_images': 'images/Landmark10.png'}
50.3603 	DATA 	Keypress: b
50.3736 	EXP 	landmarkName_text: autoDraw = False
50.3736 	EXP 	imageLandmarks: image = 'images/Landmark10.png'
50.3736 	EXP 	imageLandmarks: autoDraw = True
50.4341 	DATA 	Keypress: a
55.3430 	EXP 	imageLandmarks: autoDraw = False
55.3430 	EXP 	salience_text: autoDraw = True
58.3800 	DATA 	Keypress: 3
58.3917 	EXP 	salience_text: autoDraw = False
58.3917 	EXP 	visualcomplexity_text: autoDraw = True
59.7364 	DATA 	Keypress: 4
59.7480 	EXP 	visualcomplexity_text: autoDraw = False
59.7480 	EXP 	landmarkName_text: autoDraw = True
60.8083 	EXP 	New trial (rep=0, index=2): {'landmark_images': 'images/Landmark8.png'}
60.8211 	DATA 	Keypress: f
60.8339 	EXP 	landmarkName_text: autoDraw = False
60.8339 	EXP 	imageLandmarks: image = 'images/Landmark8.png'
60.8339 	EXP 	imageLandmarks: autoDraw = True
64.4210 	DATA 	Keypress: escape
65.3720 	EXP 	window1: mouseVisible = True
